{
  "/home/adm1n/startup/hemis-front/src/App.tsx": {
    "path": "/home/adm1n/startup/hemis-front/src/App.tsx",
    "statementMap": {
      "0": { "start": { "line": 14, "column": 6 }, "end": { "line": 14, "column": null } },
      "1": { "start": { "line": 14, "column": 29 }, "end": { "line": 14, "column": null } },
      "2": { "start": { "line": 15, "column": 6 }, "end": { "line": 15, "column": null } },
      "3": { "start": { "line": 15, "column": 33 }, "end": { "line": 15, "column": null } },
      "4": { "start": { "line": 16, "column": 6 }, "end": { "line": 16, "column": null } },
      "5": { "start": { "line": 16, "column": 32 }, "end": { "line": 16, "column": null } },
      "6": { "start": { "line": 17, "column": 6 }, "end": { "line": 17, "column": null } },
      "7": { "start": { "line": 17, "column": 32 }, "end": { "line": 17, "column": null } },
      "8": { "start": { "line": 18, "column": 6 }, "end": { "line": 18, "column": null } },
      "9": { "start": { "line": 18, "column": 31 }, "end": { "line": 18, "column": null } },
      "10": { "start": { "line": 19, "column": 6 }, "end": { "line": 19, "column": null } },
      "11": { "start": { "line": 19, "column": 36 }, "end": { "line": 19, "column": null } },
      "12": { "start": { "line": 19, "column": 96 }, "end": { "line": 19, "column": null } },
      "13": { "start": { "line": 20, "column": 6 }, "end": { "line": 20, "column": null } },
      "14": { "start": { "line": 20, "column": 39 }, "end": { "line": 20, "column": null } },
      "15": { "start": { "line": 20, "column": 99 }, "end": { "line": 20, "column": null } },
      "16": { "start": { "line": 21, "column": 6 }, "end": { "line": 21, "column": null } },
      "17": { "start": { "line": 21, "column": 36 }, "end": { "line": 21, "column": null } },
      "18": { "start": { "line": 21, "column": 102 }, "end": { "line": 21, "column": null } },
      "19": { "start": { "line": 22, "column": 6 }, "end": { "line": 22, "column": null } },
      "20": { "start": { "line": 22, "column": 33 }, "end": { "line": 22, "column": null } },
      "21": { "start": { "line": 22, "column": 96 }, "end": { "line": 22, "column": null } },
      "22": { "start": { "line": 25, "column": 19 }, "end": { "line": 35, "column": null } },
      "23": { "start": { "line": 26, "column": 12 }, "end": { "line": 26, "column": null } },
      "24": { "start": { "line": 27, "column": 2 }, "end": { "line": 33, "column": null } },
      "25": { "start": { "line": 38, "column": 24 }, "end": { "line": 48, "column": null } },
      "26": { "start": { "line": 39, "column": 12 }, "end": { "line": 39, "column": null } },
      "27": { "start": { "line": 40, "column": 2 }, "end": { "line": 46, "column": null } },
      "28": { "start": { "line": 51, "column": 23 }, "end": { "line": 63, "column": null } },
      "29": { "start": { "line": 52, "column": 39 }, "end": { "line": 52, "column": null } },
      "30": { "start": { "line": 54, "column": 2 }, "end": { "line": 56, "column": null } },
      "31": { "start": { "line": 55, "column": 4 }, "end": { "line": 55, "column": null } },
      "32": { "start": { "line": 58, "column": 2 }, "end": { "line": 60, "column": null } },
      "33": { "start": { "line": 59, "column": 4 }, "end": { "line": 59, "column": null } },
      "34": { "start": { "line": 62, "column": 2 }, "end": { "line": 62, "column": null } },
      "35": { "start": { "line": 66, "column": 12 }, "end": { "line": 66, "column": null } },
      "36": { "start": { "line": 67, "column": 29 }, "end": { "line": 67, "column": null } },
      "37": { "start": { "line": 69, "column": 2 }, "end": { "line": 71, "column": null } },
      "38": { "start": { "line": 70, "column": 4 }, "end": { "line": 70, "column": null } },
      "39": { "start": { "line": 74, "column": 2 }, "end": { "line": 80, "column": null } },
      "40": { "start": { "line": 75, "column": 30 }, "end": { "line": 77, "column": null } },
      "41": { "start": { "line": 76, "column": 6 }, "end": { "line": 76, "column": null } },
      "42": { "start": { "line": 78, "column": 4 }, "end": { "line": 78, "column": null } },
      "43": { "start": { "line": 79, "column": 4 }, "end": { "line": 79, "column": null } },
      "44": { "start": { "line": 79, "column": 17 }, "end": { "line": 79, "column": null } },
      "45": { "start": { "line": 82, "column": 2 }, "end": { "line": 180, "column": null } }
    },
    "fnMap": {
      "0": {
        "name": "(anonymous_0)",
        "decl": { "start": { "line": 14, "column": 23 }, "end": { "line": 14, "column": 29 } },
        "loc": { "start": { "line": 14, "column": 29 }, "end": { "line": 14, "column": null } },
        "line": 14
      },
      "1": {
        "name": "(anonymous_1)",
        "decl": { "start": { "line": 15, "column": 27 }, "end": { "line": 15, "column": 33 } },
        "loc": { "start": { "line": 15, "column": 33 }, "end": { "line": 15, "column": null } },
        "line": 15
      },
      "2": {
        "name": "(anonymous_2)",
        "decl": { "start": { "line": 16, "column": 26 }, "end": { "line": 16, "column": 32 } },
        "loc": { "start": { "line": 16, "column": 32 }, "end": { "line": 16, "column": null } },
        "line": 16
      },
      "3": {
        "name": "(anonymous_3)",
        "decl": { "start": { "line": 17, "column": 26 }, "end": { "line": 17, "column": 32 } },
        "loc": { "start": { "line": 17, "column": 32 }, "end": { "line": 17, "column": null } },
        "line": 17
      },
      "4": {
        "name": "(anonymous_4)",
        "decl": { "start": { "line": 18, "column": 25 }, "end": { "line": 18, "column": 31 } },
        "loc": { "start": { "line": 18, "column": 31 }, "end": { "line": 18, "column": null } },
        "line": 18
      },
      "5": {
        "name": "(anonymous_5)",
        "decl": { "start": { "line": 19, "column": 30 }, "end": { "line": 19, "column": 36 } },
        "loc": { "start": { "line": 19, "column": 36 }, "end": { "line": 19, "column": null } },
        "line": 19
      },
      "6": {
        "name": "(anonymous_6)",
        "decl": { "start": { "line": 19, "column": 87 }, "end": { "line": 19, "column": 96 } },
        "loc": { "start": { "line": 19, "column": 96 }, "end": { "line": 19, "column": null } },
        "line": 19
      },
      "7": {
        "name": "(anonymous_7)",
        "decl": { "start": { "line": 20, "column": 33 }, "end": { "line": 20, "column": 39 } },
        "loc": { "start": { "line": 20, "column": 39 }, "end": { "line": 20, "column": null } },
        "line": 20
      },
      "8": {
        "name": "(anonymous_8)",
        "decl": { "start": { "line": 20, "column": 90 }, "end": { "line": 20, "column": 99 } },
        "loc": { "start": { "line": 20, "column": 99 }, "end": { "line": 20, "column": null } },
        "line": 20
      },
      "9": {
        "name": "(anonymous_9)",
        "decl": { "start": { "line": 21, "column": 30 }, "end": { "line": 21, "column": 36 } },
        "loc": { "start": { "line": 21, "column": 36 }, "end": { "line": 21, "column": null } },
        "line": 21
      },
      "10": {
        "name": "(anonymous_10)",
        "decl": { "start": { "line": 21, "column": 93 }, "end": { "line": 21, "column": 102 } },
        "loc": { "start": { "line": 21, "column": 102 }, "end": { "line": 21, "column": null } },
        "line": 21
      },
      "11": {
        "name": "(anonymous_11)",
        "decl": { "start": { "line": 22, "column": 27 }, "end": { "line": 22, "column": 33 } },
        "loc": { "start": { "line": 22, "column": 33 }, "end": { "line": 22, "column": null } },
        "line": 22
      },
      "12": {
        "name": "(anonymous_12)",
        "decl": { "start": { "line": 22, "column": 87 }, "end": { "line": 22, "column": 96 } },
        "loc": { "start": { "line": 22, "column": 96 }, "end": { "line": 22, "column": null } },
        "line": 22
      },
      "13": {
        "name": "(anonymous_13)",
        "decl": { "start": { "line": 25, "column": 19 }, "end": { "line": 25, "column": 25 } },
        "loc": { "start": { "line": 25, "column": 25 }, "end": { "line": 35, "column": null } },
        "line": 25
      },
      "14": {
        "name": "(anonymous_14)",
        "decl": { "start": { "line": 38, "column": 24 }, "end": { "line": 38, "column": 25 } },
        "loc": { "start": { "line": 38, "column": 58 }, "end": { "line": 48, "column": null } },
        "line": 38
      },
      "15": {
        "name": "(anonymous_15)",
        "decl": { "start": { "line": 51, "column": 23 }, "end": { "line": 51, "column": 24 } },
        "loc": { "start": { "line": 51, "column": 105 }, "end": { "line": 63, "column": null } },
        "line": 51
      },
      "16": {
        "name": "App",
        "decl": { "start": { "line": 65, "column": 9 }, "end": { "line": 65, "column": 15 } },
        "loc": { "start": { "line": 65, "column": 15 }, "end": { "line": 182, "column": null } },
        "line": 65
      },
      "17": {
        "name": "(anonymous_17)",
        "decl": { "start": { "line": 69, "column": 12 }, "end": { "line": 69, "column": 18 } },
        "loc": { "start": { "line": 69, "column": 18 }, "end": { "line": 71, "column": 5 } },
        "line": 69
      },
      "18": {
        "name": "(anonymous_18)",
        "decl": { "start": { "line": 74, "column": 12 }, "end": { "line": 74, "column": 18 } },
        "loc": { "start": { "line": 74, "column": 18 }, "end": { "line": 80, "column": 5 } },
        "line": 74
      },
      "19": {
        "name": "(anonymous_19)",
        "decl": { "start": { "line": 75, "column": 30 }, "end": { "line": 75, "column": 36 } },
        "loc": { "start": { "line": 75, "column": 36 }, "end": { "line": 77, "column": null } },
        "line": 75
      },
      "20": {
        "name": "(anonymous_20)",
        "decl": { "start": { "line": 79, "column": 11 }, "end": { "line": 79, "column": 17 } },
        "loc": { "start": { "line": 79, "column": 17 }, "end": { "line": 79, "column": null } },
        "line": 79
      }
    },
    "branchMap": {
      "0": {
        "loc": { "start": { "line": 54, "column": 2 }, "end": { "line": 56, "column": null } },
        "type": "if",
        "locations": [
          { "start": { "line": 54, "column": 2 }, "end": { "line": 56, "column": null } },
          { "start": {}, "end": {} }
        ],
        "line": 54
      },
      "1": {
        "loc": { "start": { "line": 58, "column": 2 }, "end": { "line": 60, "column": null } },
        "type": "if",
        "locations": [
          { "start": { "line": 58, "column": 2 }, "end": { "line": 60, "column": null } },
          { "start": {}, "end": {} }
        ],
        "line": 58
      },
      "2": {
        "loc": { "start": { "line": 58, "column": 6 }, "end": { "line": 58, "column": 55 } },
        "type": "binary-expr",
        "locations": [
          { "start": { "line": 58, "column": 6 }, "end": { "line": 58, "column": 20 } },
          { "start": { "line": 58, "column": 20 }, "end": { "line": 58, "column": 55 } }
        ],
        "line": 58
      }
    },
    "s": {
      "0": 1,
      "1": 1,
      "2": 1,
      "3": 1,
      "4": 1,
      "5": 0,
      "6": 1,
      "7": 0,
      "8": 1,
      "9": 0,
      "10": 1,
      "11": 0,
      "12": 0,
      "13": 1,
      "14": 0,
      "15": 0,
      "16": 1,
      "17": 0,
      "18": 0,
      "19": 1,
      "20": 0,
      "21": 0,
      "22": 1,
      "23": 2,
      "24": 2,
      "25": 1,
      "26": 0,
      "27": 0,
      "28": 1,
      "29": 2,
      "30": 2,
      "31": 1,
      "32": 1,
      "33": 0,
      "34": 1,
      "35": 8,
      "36": 8,
      "37": 8,
      "38": 8,
      "39": 8,
      "40": 8,
      "41": 1,
      "42": 8,
      "43": 8,
      "44": 8,
      "45": 8
    },
    "f": {
      "0": 1,
      "1": 1,
      "2": 0,
      "3": 0,
      "4": 0,
      "5": 0,
      "6": 0,
      "7": 0,
      "8": 0,
      "9": 0,
      "10": 0,
      "11": 0,
      "12": 0,
      "13": 2,
      "14": 0,
      "15": 2,
      "16": 8,
      "17": 8,
      "18": 8,
      "19": 1,
      "20": 8
    },
    "b": { "0": [1, 1], "1": [0, 1], "2": [1, 0] },
    "meta": {
      "lastBranch": 3,
      "lastFunction": 21,
      "lastStatement": 46,
      "seen": {
        "s:14:6:14:Infinity": 0,
        "f:14:23:14:29": 0,
        "s:14:29:14:Infinity": 1,
        "s:15:6:15:Infinity": 2,
        "f:15:27:15:33": 1,
        "s:15:33:15:Infinity": 3,
        "s:16:6:16:Infinity": 4,
        "f:16:26:16:32": 2,
        "s:16:32:16:Infinity": 5,
        "s:17:6:17:Infinity": 6,
        "f:17:26:17:32": 3,
        "s:17:32:17:Infinity": 7,
        "s:18:6:18:Infinity": 8,
        "f:18:25:18:31": 4,
        "s:18:31:18:Infinity": 9,
        "s:19:6:19:Infinity": 10,
        "f:19:30:19:36": 5,
        "s:19:36:19:Infinity": 11,
        "f:19:87:19:96": 6,
        "s:19:96:19:Infinity": 12,
        "s:20:6:20:Infinity": 13,
        "f:20:33:20:39": 7,
        "s:20:39:20:Infinity": 14,
        "f:20:90:20:99": 8,
        "s:20:99:20:Infinity": 15,
        "s:21:6:21:Infinity": 16,
        "f:21:30:21:36": 9,
        "s:21:36:21:Infinity": 17,
        "f:21:93:21:102": 10,
        "s:21:102:21:Infinity": 18,
        "s:22:6:22:Infinity": 19,
        "f:22:27:22:33": 11,
        "s:22:33:22:Infinity": 20,
        "f:22:87:22:96": 12,
        "s:22:96:22:Infinity": 21,
        "s:25:19:35:Infinity": 22,
        "f:25:19:25:25": 13,
        "s:26:12:26:Infinity": 23,
        "s:27:2:33:Infinity": 24,
        "s:38:24:48:Infinity": 25,
        "f:38:24:38:25": 14,
        "s:39:12:39:Infinity": 26,
        "s:40:2:46:Infinity": 27,
        "s:51:23:63:Infinity": 28,
        "f:51:23:51:24": 15,
        "s:52:39:52:Infinity": 29,
        "b:54:2:56:Infinity:undefined:undefined:undefined:undefined": 0,
        "s:54:2:56:Infinity": 30,
        "s:55:4:55:Infinity": 31,
        "b:58:2:60:Infinity:undefined:undefined:undefined:undefined": 1,
        "s:58:2:60:Infinity": 32,
        "b:58:6:58:20:58:20:58:55": 2,
        "s:59:4:59:Infinity": 33,
        "s:62:2:62:Infinity": 34,
        "f:65:9:65:15": 16,
        "s:66:12:66:Infinity": 35,
        "s:67:29:67:Infinity": 36,
        "s:69:2:71:Infinity": 37,
        "f:69:12:69:18": 17,
        "s:70:4:70:Infinity": 38,
        "s:74:2:80:Infinity": 39,
        "f:74:12:74:18": 18,
        "s:75:30:77:Infinity": 40,
        "f:75:30:75:36": 19,
        "s:76:6:76:Infinity": 41,
        "s:78:4:78:Infinity": 42,
        "s:79:4:79:Infinity": 43,
        "f:79:11:79:17": 20,
        "s:79:17:79:Infinity": 44,
        "s:82:2:180:Infinity": 45
      }
    }
  },
  "/home/adm1n/startup/hemis-front/src/api/auth.api.ts": {
    "path": "/home/adm1n/startup/hemis-front/src/api/auth.api.ts",
    "statementMap": {
      "0": { "start": { "line": 27, "column": 15 }, "end": { "line": 27, "column": null } },
      "1": { "start": { "line": 28, "column": 2 }, "end": { "line": 36, "column": null } },
      "2": { "start": { "line": 45, "column": 21 }, "end": { "line": 86, "column": null } },
      "3": { "start": { "line": 46, "column": 2 }, "end": { "line": 85, "column": null } },
      "4": { "start": { "line": 48, "column": 4 }, "end": { "line": 54, "column": null } },
      "5": { "start": { "line": 57, "column": 31 }, "end": { "line": 57, "column": null } },
      "6": { "start": { "line": 59, "column": 4 }, "end": { "line": 63, "column": null } },
      "7": { "start": { "line": 65, "column": 4 }, "end": { "line": 82, "column": null } },
      "8": { "start": { "line": 67, "column": 6 }, "end": { "line": 76, "column": null } },
      "9": { "start": { "line": 73, "column": 20 }, "end": { "line": 73, "column": null } },
      "10": { "start": { "line": 74, "column": 8 }, "end": { "line": 74, "column": null } },
      "11": { "start": { "line": 75, "column": 8 }, "end": { "line": 75, "column": null } },
      "12": { "start": { "line": 79, "column": 24 }, "end": { "line": 79, "column": null } },
      "13": { "start": { "line": 80, "column": 6 }, "end": { "line": 80, "column": null } },
      "14": { "start": { "line": 81, "column": 6 }, "end": { "line": 81, "column": null } },
      "15": { "start": { "line": 84, "column": 4 }, "end": { "line": 84, "column": null } },
      "16": { "start": { "line": 94, "column": 28 }, "end": { "line": 105, "column": null } },
      "17": { "start": { "line": 95, "column": 2 }, "end": { "line": 95, "column": null } },
      "18": { "start": { "line": 98, "column": 29 }, "end": { "line": 98, "column": null } },
      "19": { "start": { "line": 100, "column": 2 }, "end": { "line": 104, "column": null } },
      "20": { "start": { "line": 113, "column": 22 }, "end": { "line": 119, "column": null } },
      "21": { "start": { "line": 114, "column": 2 }, "end": { "line": 118, "column": null } },
      "22": { "start": { "line": 115, "column": 4 }, "end": { "line": 115, "column": null } },
      "23": { "start": { "line": 127, "column": 30 }, "end": { "line": 130, "column": null } },
      "24": { "start": { "line": 128, "column": 19 }, "end": { "line": 128, "column": null } },
      "25": { "start": { "line": 129, "column": 2 }, "end": { "line": 129, "column": null } }
    },
    "fnMap": {
      "0": {
        "name": "mapUser",
        "decl": { "start": { "line": 26, "column": 9 }, "end": { "line": 26, "column": 17 } },
        "loc": { "start": { "line": 26, "column": 80 }, "end": { "line": 37, "column": null } },
        "line": 26
      },
      "1": {
        "name": "(anonymous_1)",
        "decl": { "start": { "line": 45, "column": 21 }, "end": { "line": 45, "column": 28 } },
        "loc": { "start": { "line": 45, "column": 82 }, "end": { "line": 86, "column": null } },
        "line": 45
      },
      "2": {
        "name": "(anonymous_2)",
        "decl": { "start": { "line": 94, "column": 28 }, "end": { "line": 94, "column": 64 } },
        "loc": { "start": { "line": 94, "column": 64 }, "end": { "line": 105, "column": null } },
        "line": 94
      },
      "3": {
        "name": "(anonymous_3)",
        "decl": { "start": { "line": 113, "column": 22 }, "end": { "line": 113, "column": 49 } },
        "loc": { "start": { "line": 113, "column": 49 }, "end": { "line": 119, "column": null } },
        "line": 113
      },
      "4": {
        "name": "(anonymous_4)",
        "decl": { "start": { "line": 127, "column": 30 }, "end": { "line": 127, "column": 62 } },
        "loc": { "start": { "line": 127, "column": 62 }, "end": { "line": 130, "column": null } },
        "line": 127
      }
    },
    "branchMap": {
      "0": {
        "loc": { "start": { "line": 31, "column": 18 }, "end": { "line": 31, "column": 34 } },
        "type": "binary-expr",
        "locations": [
          { "start": { "line": 31, "column": 18 }, "end": { "line": 31, "column": 32 } },
          { "start": { "line": 31, "column": 32 }, "end": { "line": 31, "column": 34 } }
        ],
        "line": 31
      },
      "1": {
        "loc": { "start": { "line": 32, "column": 17 }, "end": { "line": 32, "column": 47 } },
        "type": "binary-expr",
        "locations": [
          { "start": { "line": 32, "column": 17 }, "end": { "line": 32, "column": 34 } },
          { "start": { "line": 32, "column": 34 }, "end": { "line": 32, "column": 47 } }
        ],
        "line": 32
      },
      "2": {
        "loc": { "start": { "line": 33, "column": 13 }, "end": { "line": 33, "column": null } },
        "type": "binary-expr",
        "locations": [
          { "start": { "line": 33, "column": 13 }, "end": { "line": 33, "column": 23 } },
          { "start": { "line": 33, "column": 23 }, "end": { "line": 33, "column": null } }
        ],
        "line": 33
      },
      "3": {
        "loc": { "start": { "line": 33, "column": 30 }, "end": { "line": 33, "column": 49 } },
        "type": "binary-expr",
        "locations": [
          { "start": { "line": 33, "column": 30 }, "end": { "line": 33, "column": 45 } },
          { "start": { "line": 33, "column": 45 }, "end": { "line": 33, "column": 49 } }
        ],
        "line": 33
      },
      "4": {
        "loc": { "start": { "line": 34, "column": 13 }, "end": { "line": 34, "column": null } },
        "type": "binary-expr",
        "locations": [
          { "start": { "line": 34, "column": 13 }, "end": { "line": 34, "column": 40 } },
          { "start": { "line": 34, "column": 40 }, "end": { "line": 34, "column": null } }
        ],
        "line": 34
      },
      "5": {
        "loc": { "start": { "line": 35, "column": 22 }, "end": { "line": 35, "column": 64 } },
        "type": "binary-expr",
        "locations": [
          { "start": { "line": 35, "column": 22 }, "end": { "line": 35, "column": 40 } },
          { "start": { "line": 35, "column": 27 }, "end": { "line": 35, "column": 64 } }
        ],
        "line": 35
      },
      "6": {
        "loc": { "start": { "line": 61, "column": 18 }, "end": { "line": 61, "column": null } },
        "type": "binary-expr",
        "locations": [
          { "start": { "line": 61, "column": 18 }, "end": { "line": 61, "column": 41 } },
          { "start": { "line": 61, "column": 41 }, "end": { "line": 61, "column": null } }
        ],
        "line": 61
      },
      "7": {
        "loc": { "start": { "line": 62, "column": 19 }, "end": { "line": 62, "column": null } },
        "type": "binary-expr",
        "locations": [
          { "start": { "line": 62, "column": 19 }, "end": { "line": 62, "column": 43 } },
          { "start": { "line": 62, "column": 43 }, "end": { "line": 62, "column": null } }
        ],
        "line": 62
      },
      "8": {
        "loc": { "start": { "line": 65, "column": 4 }, "end": { "line": 82, "column": null } },
        "type": "if",
        "locations": [
          { "start": { "line": 65, "column": 4 }, "end": { "line": 82, "column": null } },
          { "start": {}, "end": {} }
        ],
        "line": 65
      },
      "9": {
        "loc": { "start": { "line": 67, "column": 6 }, "end": { "line": 76, "column": null } },
        "type": "if",
        "locations": [
          { "start": { "line": 67, "column": 6 }, "end": { "line": 76, "column": null } },
          { "start": {}, "end": {} }
        ],
        "line": 67
      },
      "10": {
        "loc": { "start": { "line": 68, "column": 8 }, "end": { "line": 71, "column": null } },
        "type": "binary-expr",
        "locations": [
          { "start": { "line": 68, "column": 8 }, "end": { "line": 68, "column": null } },
          { "start": { "line": 69, "column": 8 }, "end": { "line": 69, "column": null } },
          { "start": { "line": 70, "column": 8 }, "end": { "line": 70, "column": null } },
          { "start": { "line": 71, "column": 9 }, "end": { "line": 71, "column": 27 } },
          { "start": { "line": 71, "column": 27 }, "end": { "line": 71, "column": 57 } },
          { "start": { "line": 71, "column": 57 }, "end": { "line": 71, "column": null } }
        ],
        "line": 68
      },
      "11": {
        "loc": { "start": { "line": 74, "column": 24 }, "end": { "line": 74, "column": null } },
        "type": "binary-expr",
        "locations": [
          { "start": { "line": 74, "column": 24 }, "end": { "line": 74, "column": 31 } },
          { "start": { "line": 74, "column": 31 }, "end": { "line": 74, "column": null } }
        ],
        "line": 74
      },
      "12": {
        "loc": { "start": { "line": 80, "column": 22 }, "end": { "line": 80, "column": null } },
        "type": "binary-expr",
        "locations": [
          { "start": { "line": 80, "column": 22 }, "end": { "line": 80, "column": 44 } },
          { "start": { "line": 80, "column": 44 }, "end": { "line": 80, "column": 64 } },
          { "start": { "line": 80, "column": 64 }, "end": { "line": 80, "column": null } }
        ],
        "line": 80
      },
      "13": {
        "loc": { "start": { "line": 84, "column": 10 }, "end": { "line": 84, "column": null } },
        "type": "cond-expr",
        "locations": [
          { "start": { "line": 84, "column": 35 }, "end": { "line": 84, "column": 43 } },
          { "start": { "line": 84, "column": 43 }, "end": { "line": 84, "column": null } }
        ],
        "line": 84
      },
      "14": {
        "loc": { "start": { "line": 102, "column": 16 }, "end": { "line": 102, "column": null } },
        "type": "binary-expr",
        "locations": [
          { "start": { "line": 102, "column": 16 }, "end": { "line": 102, "column": 39 } },
          { "start": { "line": 102, "column": 39 }, "end": { "line": 102, "column": null } }
        ],
        "line": 102
      },
      "15": {
        "loc": { "start": { "line": 103, "column": 17 }, "end": { "line": 103, "column": null } },
        "type": "binary-expr",
        "locations": [
          { "start": { "line": 103, "column": 17 }, "end": { "line": 103, "column": 41 } },
          { "start": { "line": 103, "column": 41 }, "end": { "line": 103, "column": null } }
        ],
        "line": 103
      }
    },
    "s": {
      "0": 4,
      "1": 4,
      "2": 1,
      "3": 5,
      "4": 5,
      "5": 2,
      "6": 2,
      "7": 3,
      "8": 2,
      "9": 1,
      "10": 1,
      "11": 1,
      "12": 1,
      "13": 2,
      "14": 2,
      "15": 1,
      "16": 1,
      "17": 2,
      "18": 1,
      "19": 1,
      "20": 1,
      "21": 2,
      "22": 2,
      "23": 1,
      "24": 1,
      "25": 1
    },
    "f": { "0": 4, "1": 5, "2": 2, "3": 2, "4": 1 },
    "b": {
      "0": [4, 1],
      "1": [4, 1],
      "2": [4, 3],
      "3": [3, 1],
      "4": [4, 1],
      "5": [4, 1],
      "6": [2, 1],
      "7": [5, 1],
      "8": [2, 1],
      "9": [1, 1],
      "10": [2, 1, 1, 1, 0, 0],
      "11": [1, 0],
      "12": [2, 0, 0],
      "13": [1, 0],
      "14": [1, 1],
      "15": [2, 0]
    },
    "meta": {
      "lastBranch": 16,
      "lastFunction": 5,
      "lastStatement": 26,
      "seen": {
        "f:26:9:26:17": 0,
        "s:27:15:27:Infinity": 0,
        "s:28:2:36:Infinity": 1,
        "b:31:18:31:32:31:32:31:34": 0,
        "b:32:17:32:34:32:34:32:47": 1,
        "b:33:13:33:23:33:23:33:Infinity": 2,
        "b:33:30:33:45:33:45:33:49": 3,
        "b:34:13:34:40:34:40:34:Infinity": 4,
        "b:35:22:35:40:35:27:35:64": 5,
        "s:45:21:86:Infinity": 2,
        "f:45:21:45:28": 1,
        "s:46:2:85:Infinity": 3,
        "s:48:4:54:Infinity": 4,
        "s:57:31:57:Infinity": 5,
        "s:59:4:63:Infinity": 6,
        "b:61:18:61:41:61:41:61:Infinity": 6,
        "b:62:19:62:43:62:43:62:Infinity": 7,
        "b:65:4:82:Infinity:undefined:undefined:undefined:undefined": 8,
        "s:65:4:82:Infinity": 7,
        "b:67:6:76:Infinity:undefined:undefined:undefined:undefined": 9,
        "s:67:6:76:Infinity": 8,
        "b:68:8:68:Infinity:69:8:69:Infinity:70:8:70:Infinity:71:9:71:27:71:27:71:57:71:57:71:Infinity": 10,
        "s:73:20:73:Infinity": 9,
        "s:74:8:74:Infinity": 10,
        "b:74:24:74:31:74:31:74:Infinity": 11,
        "s:75:8:75:Infinity": 11,
        "s:79:24:79:Infinity": 12,
        "s:80:6:80:Infinity": 13,
        "b:80:22:80:44:80:44:80:64:80:64:80:Infinity": 12,
        "s:81:6:81:Infinity": 14,
        "s:84:4:84:Infinity": 15,
        "b:84:35:84:43:84:43:84:Infinity": 13,
        "s:94:28:105:Infinity": 16,
        "f:94:28:94:64": 2,
        "s:95:2:95:Infinity": 17,
        "s:98:29:98:Infinity": 18,
        "s:100:2:104:Infinity": 19,
        "b:102:16:102:39:102:39:102:Infinity": 14,
        "b:103:17:103:41:103:41:103:Infinity": 15,
        "s:113:22:119:Infinity": 20,
        "f:113:22:113:49": 3,
        "s:114:2:118:Infinity": 21,
        "s:115:4:115:Infinity": 22,
        "s:127:30:130:Infinity": 23,
        "f:127:30:127:62": 4,
        "s:128:19:128:Infinity": 24,
        "s:129:2:129:Infinity": 25
      }
    }
  },
  "/home/adm1n/startup/hemis-front/src/api/client.ts": {
    "path": "/home/adm1n/startup/hemis-front/src/api/client.ts",
    "statementMap": {
      "0": { "start": { "line": 24, "column": 18 }, "end": { "line": 31, "column": null } },
      "1": { "start": { "line": 34, "column": 0 }, "end": { "line": 61, "column": null } },
      "2": { "start": { "line": 40, "column": 19 }, "end": { "line": 40, "column": null } },
      "3": { "start": { "line": 43, "column": 46 }, "end": { "line": 48, "column": null } },
      "4": { "start": { "line": 50, "column": 24 }, "end": { "line": 50, "column": null } },
      "5": { "start": { "line": 52, "column": 4 }, "end": { "line": 54, "column": null } },
      "6": { "start": { "line": 53, "column": 6 }, "end": { "line": 53, "column": null } },
      "7": { "start": { "line": 56, "column": 4 }, "end": { "line": 56, "column": null } },
      "8": { "start": { "line": 59, "column": 4 }, "end": { "line": 59, "column": null } },
      "9": { "start": { "line": 64, "column": 0 }, "end": { "line": 178, "column": null } },
      "10": { "start": { "line": 65, "column": 16 }, "end": { "line": 65, "column": null } },
      "11": { "start": { "line": 67, "column": 28 }, "end": { "line": 67, "column": null } },
      "12": { "start": { "line": 72, "column": 20 }, "end": { "line": 72, "column": null } },
      "13": { "start": { "line": 73, "column": 22 }, "end": { "line": 73, "column": null } },
      "14": { "start": { "line": 74, "column": 25 }, "end": { "line": 74, "column": null } },
      "15": { "start": { "line": 77, "column": 4 }, "end": { "line": 88, "column": null } },
      "16": { "start": { "line": 91, "column": 4 }, "end": { "line": 131, "column": null } },
      "17": { "start": { "line": 94, "column": 28 }, "end": { "line": 94, "column": null } },
      "18": { "start": { "line": 95, "column": 29 }, "end": { "line": 95, "column": null } },
      "19": { "start": { "line": 95, "column": 54 }, "end": { "line": 95, "column": 87 } },
      "20": { "start": { "line": 97, "column": 6 }, "end": { "line": 100, "column": null } },
      "21": { "start": { "line": 99, "column": 8 }, "end": { "line": 99, "column": null } },
      "22": { "start": { "line": 102, "column": 6 }, "end": { "line": 102, "column": null } },
      "23": { "start": { "line": 104, "column": 6 }, "end": { "line": 130, "column": null } },
      "24": { "start": { "line": 106, "column": 8 }, "end": { "line": 112, "column": null } },
      "25": { "start": { "line": 119, "column": 8 }, "end": { "line": 119, "column": null } },
      "26": { "start": { "line": 122, "column": 8 }, "end": { "line": 124, "column": null } },
      "27": { "start": { "line": 123, "column": 10 }, "end": { "line": 123, "column": null } },
      "28": { "start": { "line": 129, "column": 8 }, "end": { "line": 129, "column": null } },
      "29": { "start": { "line": 134, "column": 4 }, "end": { "line": 161, "column": null } },
      "30": { "start": { "line": 136, "column": 6 }, "end": { "line": 148, "column": null } },
      "31": { "start": { "line": 152, "column": 31 }, "end": { "line": 154, "column": null } },
      "32": { "start": { "line": 157, "column": 6 }, "end": { "line": 160, "column": null } },
      "33": { "start": { "line": 164, "column": 4 }, "end": { "line": 174, "column": null } },
      "34": { "start": { "line": 165, "column": 6 }, "end": { "line": 173, "column": null } },
      "35": { "start": { "line": 176, "column": 4 }, "end": { "line": 176, "column": null } }
    },
    "fnMap": {
      "0": {
        "name": "(anonymous_0)",
        "decl": { "start": { "line": 35, "column": 2 }, "end": { "line": 35, "column": 3 } },
        "loc": { "start": { "line": 35, "column": 42 }, "end": { "line": 57, "column": null } },
        "line": 35
      },
      "1": {
        "name": "(anonymous_1)",
        "decl": { "start": { "line": 58, "column": 2 }, "end": { "line": 58, "column": 3 } },
        "loc": { "start": { "line": 58, "column": 13 }, "end": { "line": 60, "column": null } },
        "line": 58
      },
      "2": {
        "name": "(anonymous_2)",
        "decl": { "start": { "line": 65, "column": 2 }, "end": { "line": 65, "column": 3 } },
        "loc": { "start": { "line": 65, "column": 16 }, "end": { "line": 65, "column": null } },
        "line": 65
      },
      "3": {
        "name": "(anonymous_3)",
        "decl": { "start": { "line": 66, "column": 2 }, "end": { "line": 66, "column": 9 } },
        "loc": { "start": { "line": 66, "column": 49 }, "end": { "line": 177, "column": null } },
        "line": 66
      },
      "4": {
        "name": "(anonymous_4)",
        "decl": { "start": { "line": 95, "column": 48 }, "end": { "line": 95, "column": 54 } },
        "loc": { "start": { "line": 95, "column": 54 }, "end": { "line": 95, "column": 87 } },
        "line": 95
      }
    },
    "branchMap": {
      "0": {
        "loc": { "start": { "line": 40, "column": 19 }, "end": { "line": 40, "column": null } },
        "type": "binary-expr",
        "locations": [
          { "start": { "line": 40, "column": 19 }, "end": { "line": 40, "column": 53 } },
          { "start": { "line": 40, "column": 53 }, "end": { "line": 40, "column": null } }
        ],
        "line": 40
      },
      "1": {
        "loc": { "start": { "line": 50, "column": 24 }, "end": { "line": 50, "column": null } },
        "type": "binary-expr",
        "locations": [
          { "start": { "line": 50, "column": 24 }, "end": { "line": 50, "column": 45 } },
          { "start": { "line": 50, "column": 45 }, "end": { "line": 50, "column": null } }
        ],
        "line": 50
      },
      "2": {
        "loc": { "start": { "line": 52, "column": 4 }, "end": { "line": 54, "column": null } },
        "type": "if",
        "locations": [
          { "start": { "line": 52, "column": 4 }, "end": { "line": 54, "column": null } },
          { "start": {}, "end": {} }
        ],
        "line": 52
      },
      "3": {
        "loc": { "start": { "line": 74, "column": 25 }, "end": { "line": 74, "column": null } },
        "type": "binary-expr",
        "locations": [
          { "start": { "line": 74, "column": 25 }, "end": { "line": 74, "column": 58 } },
          { "start": { "line": 74, "column": 58 }, "end": { "line": 74, "column": null } }
        ],
        "line": 74
      },
      "4": {
        "loc": { "start": { "line": 91, "column": 4 }, "end": { "line": 131, "column": null } },
        "type": "if",
        "locations": [
          { "start": { "line": 91, "column": 4 }, "end": { "line": 131, "column": null } },
          { "start": {}, "end": {} }
        ],
        "line": 91
      },
      "5": {
        "loc": { "start": { "line": 91, "column": 8 }, "end": { "line": 91, "column": 67 } },
        "type": "binary-expr",
        "locations": [
          { "start": { "line": 91, "column": 8 }, "end": { "line": 91, "column": 42 } },
          { "start": { "line": 91, "column": 42 }, "end": { "line": 91, "column": 67 } }
        ],
        "line": 91
      },
      "6": {
        "loc": { "start": { "line": 97, "column": 6 }, "end": { "line": 100, "column": null } },
        "type": "if",
        "locations": [
          { "start": { "line": 97, "column": 6 }, "end": { "line": 100, "column": null } },
          { "start": {}, "end": {} }
        ],
        "line": 97
      },
      "7": {
        "loc": { "start": { "line": 122, "column": 8 }, "end": { "line": 124, "column": null } },
        "type": "if",
        "locations": [
          { "start": { "line": 122, "column": 8 }, "end": { "line": 124, "column": null } },
          { "start": {}, "end": {} }
        ],
        "line": 122
      },
      "8": {
        "loc": { "start": { "line": 134, "column": 4 }, "end": { "line": 161, "column": null } },
        "type": "if",
        "locations": [
          { "start": { "line": 134, "column": 4 }, "end": { "line": 161, "column": null } },
          { "start": {}, "end": {} }
        ],
        "line": 134
      },
      "9": {
        "loc": { "start": { "line": 138, "column": 22 }, "end": { "line": 138, "column": null } },
        "type": "binary-expr",
        "locations": [
          { "start": { "line": 138, "column": 22 }, "end": { "line": 138, "column": 35 } },
          { "start": { "line": 138, "column": 35 }, "end": { "line": 138, "column": null } }
        ],
        "line": 138
      },
      "10": {
        "loc": { "start": { "line": 139, "column": 28 }, "end": { "line": 139, "column": null } },
        "type": "binary-expr",
        "locations": [
          { "start": { "line": 139, "column": 28 }, "end": { "line": 139, "column": 39 } },
          { "start": { "line": 139, "column": 39 }, "end": { "line": 139, "column": null } }
        ],
        "line": 139
      },
      "11": {
        "loc": { "start": { "line": 152, "column": 31 }, "end": { "line": 154, "column": null } },
        "type": "cond-expr",
        "locations": [
          { "start": { "line": 153, "column": 10 }, "end": { "line": 153, "column": null } },
          { "start": { "line": 154, "column": 10 }, "end": { "line": 154, "column": null } }
        ],
        "line": 152
      },
      "12": {
        "loc": { "start": { "line": 164, "column": 4 }, "end": { "line": 174, "column": null } },
        "type": "if",
        "locations": [
          { "start": { "line": 164, "column": 4 }, "end": { "line": 174, "column": null } },
          { "start": {}, "end": {} }
        ],
        "line": 164
      },
      "13": {
        "loc": { "start": { "line": 164, "column": 8 }, "end": { "line": 164, "column": 74 } },
        "type": "binary-expr",
        "locations": [
          { "start": { "line": 164, "column": 8 }, "end": { "line": 164, "column": 42 } },
          { "start": { "line": 164, "column": 42 }, "end": { "line": 164, "column": 74 } }
        ],
        "line": 164
      }
    },
    "s": {
      "0": 3,
      "1": 3,
      "2": 8,
      "3": 8,
      "4": 8,
      "5": 8,
      "6": 7,
      "7": 8,
      "8": 1,
      "9": 3,
      "10": 1,
      "11": 14,
      "12": 14,
      "13": 14,
      "14": 14,
      "15": 14,
      "16": 14,
      "17": 5,
      "18": 5,
      "19": 12,
      "20": 5,
      "21": 3,
      "22": 2,
      "23": 2,
      "24": 2,
      "25": 1,
      "26": 1,
      "27": 1,
      "28": 1,
      "29": 9,
      "30": 3,
      "31": 3,
      "32": 3,
      "33": 9,
      "34": 3,
      "35": 9
    },
    "f": { "0": 8, "1": 1, "2": 1, "3": 14, "4": 12 },
    "b": {
      "0": [8, 3],
      "1": [8, 1],
      "2": [7, 1],
      "3": [14, 2],
      "4": [5, 9],
      "5": [14, 6],
      "6": [3, 2],
      "7": [1, 0],
      "8": [3, 6],
      "9": [3, 2],
      "10": [3, 2],
      "11": [1, 2],
      "12": [3, 6],
      "13": [9, 7]
    },
    "meta": {
      "lastBranch": 14,
      "lastFunction": 5,
      "lastStatement": 36,
      "seen": {
        "s:24:18:31:Infinity": 0,
        "s:34:0:61:Infinity": 1,
        "f:35:2:35:3": 0,
        "s:40:19:40:Infinity": 2,
        "b:40:19:40:53:40:53:40:Infinity": 0,
        "s:43:46:48:Infinity": 3,
        "s:50:24:50:Infinity": 4,
        "b:50:24:50:45:50:45:50:Infinity": 1,
        "b:52:4:54:Infinity:undefined:undefined:undefined:undefined": 2,
        "s:52:4:54:Infinity": 5,
        "s:53:6:53:Infinity": 6,
        "s:56:4:56:Infinity": 7,
        "f:58:2:58:3": 1,
        "s:59:4:59:Infinity": 8,
        "s:64:0:178:Infinity": 9,
        "f:65:2:65:3": 2,
        "s:65:16:65:Infinity": 10,
        "f:66:2:66:9": 3,
        "s:67:28:67:Infinity": 11,
        "s:72:20:72:Infinity": 12,
        "s:73:22:73:Infinity": 13,
        "s:74:25:74:Infinity": 14,
        "b:74:25:74:58:74:58:74:Infinity": 3,
        "s:77:4:88:Infinity": 15,
        "b:91:4:131:Infinity:undefined:undefined:undefined:undefined": 4,
        "s:91:4:131:Infinity": 16,
        "b:91:8:91:42:91:42:91:67": 5,
        "s:94:28:94:Infinity": 17,
        "s:95:29:95:Infinity": 18,
        "f:95:48:95:54": 4,
        "s:95:54:95:87": 19,
        "b:97:6:100:Infinity:undefined:undefined:undefined:undefined": 6,
        "s:97:6:100:Infinity": 20,
        "s:99:8:99:Infinity": 21,
        "s:102:6:102:Infinity": 22,
        "s:104:6:130:Infinity": 23,
        "s:106:8:112:Infinity": 24,
        "s:119:8:119:Infinity": 25,
        "b:122:8:124:Infinity:undefined:undefined:undefined:undefined": 7,
        "s:122:8:124:Infinity": 26,
        "s:123:10:123:Infinity": 27,
        "s:129:8:129:Infinity": 28,
        "b:134:4:161:Infinity:undefined:undefined:undefined:undefined": 8,
        "s:134:4:161:Infinity": 29,
        "s:136:6:148:Infinity": 30,
        "b:138:22:138:35:138:35:138:Infinity": 9,
        "b:139:28:139:39:139:39:139:Infinity": 10,
        "s:152:31:154:Infinity": 31,
        "b:153:10:153:Infinity:154:10:154:Infinity": 11,
        "s:157:6:160:Infinity": 32,
        "b:164:4:174:Infinity:undefined:undefined:undefined:undefined": 12,
        "s:164:4:174:Infinity": 33,
        "b:164:8:164:42:164:42:164:74": 13,
        "s:165:6:173:Infinity": 34,
        "s:176:4:176:Infinity": 35
      }
    }
  },
  "/home/adm1n/startup/hemis-front/src/api/dashboard.api.ts": {
    "path": "/home/adm1n/startup/hemis-front/src/api/dashboard.api.ts",
    "statementMap": {
      "0": { "start": { "line": 64, "column": 33 }, "end": { "line": 67, "column": null } },
      "1": { "start": { "line": 65, "column": 19 }, "end": { "line": 65, "column": null } },
      "2": { "start": { "line": 66, "column": 2 }, "end": { "line": 66, "column": null } },
      "3": { "start": { "line": 69, "column": 28 }, "end": { "line": 71, "column": null } }
    },
    "fnMap": {
      "0": {
        "name": "(anonymous_0)",
        "decl": { "start": { "line": 64, "column": 33 }, "end": { "line": 64, "column": 70 } },
        "loc": { "start": { "line": 64, "column": 70 }, "end": { "line": 67, "column": null } },
        "line": 64
      }
    },
    "branchMap": {},
    "s": { "0": 2, "1": 4, "2": 3, "3": 2 },
    "f": { "0": 4 },
    "b": {},
    "meta": {
      "lastBranch": 0,
      "lastFunction": 1,
      "lastStatement": 4,
      "seen": {
        "s:64:33:67:Infinity": 0,
        "f:64:33:64:70": 0,
        "s:65:19:65:Infinity": 1,
        "s:66:2:66:Infinity": 2,
        "s:69:28:71:Infinity": 3
      }
    }
  },
  "/home/adm1n/startup/hemis-front/src/api/faculties.api.ts": {
    "path": "/home/adm1n/startup/hemis-front/src/api/faculties.api.ts",
    "statementMap": {
      "0": { "start": { "line": 62, "column": 17 }, "end": { "line": 62, "column": null } },
      "1": { "start": { "line": 64, "column": 28 }, "end": { "line": 122, "column": null } },
      "2": { "start": { "line": 72, "column": 21 }, "end": { "line": 75, "column": null } },
      "3": { "start": { "line": 76, "column": 4 }, "end": { "line": 76, "column": null } },
      "4": { "start": { "line": 89, "column": 21 }, "end": { "line": 92, "column": null } },
      "5": { "start": { "line": 93, "column": 4 }, "end": { "line": 93, "column": null } },
      "6": { "start": { "line": 98, "column": 21 }, "end": { "line": 98, "column": null } },
      "7": { "start": { "line": 99, "column": 4 }, "end": { "line": 99, "column": null } },
      "8": { "start": { "line": 104, "column": 21 }, "end": { "line": 106, "column": null } },
      "9": { "start": { "line": 107, "column": 4 }, "end": { "line": 107, "column": null } },
      "10": { "start": { "line": 116, "column": 21 }, "end": { "line": 119, "column": null } },
      "11": { "start": { "line": 120, "column": 4 }, "end": { "line": 120, "column": null } }
    },
    "fnMap": {
      "0": {
        "name": "(anonymous_0)",
        "decl": { "start": { "line": 66, "column": 13 }, "end": { "line": 66, "column": 20 } },
        "loc": { "start": { "line": 71, "column": 48 }, "end": { "line": 77, "column": null } },
        "line": 71
      },
      "1": {
        "name": "(anonymous_1)",
        "decl": { "start": { "line": 80, "column": 28 }, "end": { "line": 80, "column": null } },
        "loc": { "start": { "line": 88, "column": 42 }, "end": { "line": 94, "column": null } },
        "line": 88
      },
      "2": {
        "name": "(anonymous_2)",
        "decl": { "start": { "line": 97, "column": 20 }, "end": { "line": 97, "column": 27 } },
        "loc": { "start": { "line": 97, "column": 66 }, "end": { "line": 100, "column": null } },
        "line": 97
      },
      "3": {
        "name": "(anonymous_3)",
        "decl": { "start": { "line": 103, "column": 19 }, "end": { "line": 103, "column": 61 } },
        "loc": { "start": { "line": 103, "column": 61 }, "end": { "line": 108, "column": null } },
        "line": 103
      },
      "4": {
        "name": "(anonymous_4)",
        "decl": { "start": { "line": 111, "column": 19 }, "end": { "line": 111, "column": 26 } },
        "loc": { "start": { "line": 115, "column": 23 }, "end": { "line": 121, "column": null } },
        "line": 115
      }
    },
    "branchMap": {},
    "s": {
      "0": 1,
      "1": 1,
      "2": 2,
      "3": 2,
      "4": 1,
      "5": 1,
      "6": 1,
      "7": 1,
      "8": 1,
      "9": 1,
      "10": 2,
      "11": 2
    },
    "f": { "0": 2, "1": 1, "2": 1, "3": 1, "4": 2 },
    "b": {},
    "meta": {
      "lastBranch": 0,
      "lastFunction": 5,
      "lastStatement": 12,
      "seen": {
        "s:62:17:62:Infinity": 0,
        "s:64:28:122:Infinity": 1,
        "f:66:13:66:20": 0,
        "s:72:21:75:Infinity": 2,
        "s:76:4:76:Infinity": 3,
        "f:80:28:80:Infinity": 1,
        "s:89:21:92:Infinity": 4,
        "s:93:4:93:Infinity": 5,
        "f:97:20:97:27": 2,
        "s:98:21:98:Infinity": 6,
        "s:99:4:99:Infinity": 7,
        "f:103:19:103:61": 3,
        "s:104:21:106:Infinity": 8,
        "s:107:4:107:Infinity": 9,
        "f:111:19:111:26": 4,
        "s:116:21:119:Infinity": 10,
        "s:120:4:120:Infinity": 11
      }
    }
  },
  "/home/adm1n/startup/hemis-front/src/api/favorites.api.ts": {
    "path": "/home/adm1n/startup/hemis-front/src/api/favorites.api.ts",
    "statementMap": {
      "0": { "start": { "line": 30, "column": 32 }, "end": { "line": 33, "column": null } },
      "1": { "start": { "line": 31, "column": 19 }, "end": { "line": 31, "column": null } },
      "2": { "start": { "line": 32, "column": 2 }, "end": { "line": 32, "column": null } },
      "3": { "start": { "line": 41, "column": 27 }, "end": { "line": 44, "column": null } },
      "4": { "start": { "line": 42, "column": 19 }, "end": { "line": 42, "column": null } },
      "5": { "start": { "line": 43, "column": 2 }, "end": { "line": 43, "column": null } },
      "6": { "start": { "line": 51, "column": 30 }, "end": { "line": 53, "column": null } },
      "7": { "start": { "line": 52, "column": 2 }, "end": { "line": 52, "column": null } },
      "8": { "start": { "line": 60, "column": 32 }, "end": { "line": 62, "column": null } },
      "9": { "start": { "line": 61, "column": 2 }, "end": { "line": 61, "column": null } }
    },
    "fnMap": {
      "0": {
        "name": "(anonymous_0)",
        "decl": { "start": { "line": 30, "column": 32 }, "end": { "line": 30, "column": 69 } },
        "loc": { "start": { "line": 30, "column": 69 }, "end": { "line": 33, "column": null } },
        "line": 30
      },
      "1": {
        "name": "(anonymous_1)",
        "decl": { "start": { "line": 41, "column": 27 }, "end": { "line": 41, "column": 34 } },
        "loc": { "start": { "line": 41, "column": 78 }, "end": { "line": 44, "column": null } },
        "line": 41
      },
      "2": {
        "name": "(anonymous_2)",
        "decl": { "start": { "line": 51, "column": 30 }, "end": { "line": 51, "column": 37 } },
        "loc": { "start": { "line": 51, "column": 73 }, "end": { "line": 53, "column": null } },
        "line": 51
      },
      "3": {
        "name": "(anonymous_3)",
        "decl": { "start": { "line": 60, "column": 32 }, "end": { "line": 60, "column": 39 } },
        "loc": { "start": { "line": 60, "column": 99 }, "end": { "line": 62, "column": null } },
        "line": 60
      }
    },
    "branchMap": {},
    "s": { "0": 1, "1": 3, "2": 3, "3": 1, "4": 2, "5": 2, "6": 1, "7": 3, "8": 1, "9": 4 },
    "f": { "0": 3, "1": 2, "2": 3, "3": 4 },
    "b": {},
    "meta": {
      "lastBranch": 0,
      "lastFunction": 4,
      "lastStatement": 10,
      "seen": {
        "s:30:32:33:Infinity": 0,
        "f:30:32:30:69": 0,
        "s:31:19:31:Infinity": 1,
        "s:32:2:32:Infinity": 2,
        "s:41:27:44:Infinity": 3,
        "f:41:27:41:34": 1,
        "s:42:19:42:Infinity": 4,
        "s:43:2:43:Infinity": 5,
        "s:51:30:53:Infinity": 6,
        "f:51:30:51:37": 2,
        "s:52:2:52:Infinity": 7,
        "s:60:32:62:Infinity": 8,
        "f:60:32:60:39": 3,
        "s:61:2:61:Infinity": 9
      }
    }
  },
  "/home/adm1n/startup/hemis-front/src/api/menu.api.ts": {
    "path": "/home/adm1n/startup/hemis-front/src/api/menu.api.ts",
    "statementMap": {
      "0": { "start": { "line": 53, "column": 27 }, "end": { "line": 56, "column": null } },
      "1": { "start": { "line": 54, "column": 19 }, "end": { "line": 54, "column": null } },
      "2": { "start": { "line": 55, "column": 2 }, "end": { "line": 55, "column": null } },
      "3": { "start": { "line": 68, "column": 31 }, "end": { "line": 77, "column": null } },
      "4": { "start": { "line": 69, "column": 29 }, "end": { "line": 69, "column": null } },
      "5": { "start": { "line": 70, "column": 2 }, "end": { "line": 75, "column": null } },
      "6": { "start": { "line": 71, "column": 4 }, "end": { "line": 71, "column": null } },
      "7": { "start": { "line": 72, "column": 4 }, "end": { "line": 74, "column": null } },
      "8": { "start": { "line": 73, "column": 6 }, "end": { "line": 73, "column": null } },
      "9": { "start": { "line": 76, "column": 2 }, "end": { "line": 76, "column": null } }
    },
    "fnMap": {
      "0": {
        "name": "(anonymous_0)",
        "decl": { "start": { "line": 53, "column": 27 }, "end": { "line": 53, "column": 34 } },
        "loc": { "start": { "line": 53, "column": 78 }, "end": { "line": 56, "column": null } },
        "line": 53
      },
      "1": {
        "name": "(anonymous_1)",
        "decl": { "start": { "line": 68, "column": 31 }, "end": { "line": 68, "column": 32 } },
        "loc": { "start": { "line": 68, "column": 66 }, "end": { "line": 77, "column": null } },
        "line": 68
      }
    },
    "branchMap": {
      "0": {
        "loc": { "start": { "line": 53, "column": 34 }, "end": { "line": 53, "column": 78 } },
        "type": "default-arg",
        "locations": [
          { "start": { "line": 53, "column": 43 }, "end": { "line": 53, "column": 78 } }
        ],
        "line": 53
      },
      "1": {
        "loc": { "start": { "line": 72, "column": 4 }, "end": { "line": 74, "column": null } },
        "type": "if",
        "locations": [
          { "start": { "line": 72, "column": 4 }, "end": { "line": 74, "column": null } },
          { "start": {}, "end": {} }
        ],
        "line": 72
      },
      "2": {
        "loc": { "start": { "line": 72, "column": 8 }, "end": { "line": 72, "column": 45 } },
        "type": "binary-expr",
        "locations": [
          { "start": { "line": 72, "column": 8 }, "end": { "line": 72, "column": 22 } },
          { "start": { "line": 72, "column": 22 }, "end": { "line": 72, "column": 45 } }
        ],
        "line": 72
      }
    },
    "s": { "0": 2, "1": 3, "2": 3, "3": 2, "4": 25, "5": 25, "6": 29, "7": 29, "8": 5, "9": 25 },
    "f": { "0": 3, "1": 25 },
    "b": { "0": [3], "1": [5, 24], "2": [29, 19] },
    "meta": {
      "lastBranch": 3,
      "lastFunction": 2,
      "lastStatement": 10,
      "seen": {
        "s:53:27:56:Infinity": 0,
        "f:53:27:53:34": 0,
        "b:53:43:53:78": 0,
        "s:54:19:54:Infinity": 1,
        "s:55:2:55:Infinity": 2,
        "s:68:31:77:Infinity": 3,
        "f:68:31:68:32": 1,
        "s:69:29:69:Infinity": 4,
        "s:70:2:75:Infinity": 5,
        "s:71:4:71:Infinity": 6,
        "b:72:4:74:Infinity:undefined:undefined:undefined:undefined": 1,
        "s:72:4:74:Infinity": 7,
        "b:72:8:72:22:72:22:72:45": 2,
        "s:73:6:73:Infinity": 8,
        "s:76:2:76:Infinity": 9
      }
    }
  },
  "/home/adm1n/startup/hemis-front/src/api/translations.api.ts": {
    "path": "/home/adm1n/startup/hemis-front/src/api/translations.api.ts",
    "statementMap": {
      "0": { "start": { "line": 82, "column": 31 }, "end": { "line": 130, "column": null } },
      "1": { "start": { "line": 91, "column": 19 }, "end": { "line": 91, "column": null } },
      "2": { "start": { "line": 94, "column": 20 }, "end": { "line": 127, "column": null } },
      "3": { "start": { "line": 96, "column": 4 }, "end": { "line": 104, "column": null } },
      "4": { "start": { "line": 97, "column": 6 }, "end": { "line": 103, "column": null } },
      "5": { "start": { "line": 107, "column": 4 }, "end": { "line": 109, "column": null } },
      "6": { "start": { "line": 108, "column": 6 }, "end": { "line": 108, "column": null } },
      "7": { "start": { "line": 112, "column": 19 }, "end": { "line": 112, "column": null } },
      "8": { "start": { "line": 113, "column": 36 }, "end": { "line": 113, "column": null } },
      "9": { "start": { "line": 114, "column": 32 }, "end": { "line": 114, "column": null } },
      "10": { "start": { "line": 115, "column": 30 }, "end": { "line": 115, "column": null } },
      "11": { "start": { "line": 116, "column": 33 }, "end": { "line": 116, "column": null } },
      "12": { "start": { "line": 118, "column": 7 }, "end": { "line": 118, "column": null } },
      "13": { "start": { "line": 120, "column": 4 }, "end": { "line": 126, "column": null } },
      "14": { "start": { "line": 129, "column": 2 }, "end": { "line": 129, "column": null } },
      "15": { "start": { "line": 135, "column": 34 }, "end": { "line": 138, "column": null } },
      "16": { "start": { "line": 136, "column": 19 }, "end": { "line": 136, "column": null } },
      "17": { "start": { "line": 137, "column": 2 }, "end": { "line": 137, "column": null } },
      "18": { "start": { "line": 143, "column": 33 }, "end": { "line": 149, "column": null } },
      "19": { "start": { "line": 147, "column": 19 }, "end": { "line": 147, "column": null } },
      "20": { "start": { "line": 148, "column": 2 }, "end": { "line": 148, "column": null } },
      "21": { "start": { "line": 154, "column": 39 }, "end": { "line": 157, "column": null } },
      "22": { "start": { "line": 155, "column": 19 }, "end": { "line": 155, "column": null } },
      "23": { "start": { "line": 156, "column": 2 }, "end": { "line": 156, "column": null } },
      "24": { "start": { "line": 162, "column": 40 }, "end": { "line": 165, "column": null } },
      "25": { "start": { "line": 163, "column": 19 }, "end": { "line": 163, "column": null } },
      "26": { "start": { "line": 164, "column": 2 }, "end": { "line": 164, "column": null } },
      "27": { "start": { "line": 170, "column": 37 }, "end": { "line": 173, "column": null } },
      "28": { "start": { "line": 171, "column": 19 }, "end": { "line": 171, "column": null } },
      "29": { "start": { "line": 172, "column": 2 }, "end": { "line": 172, "column": null } },
      "30": { "start": { "line": 178, "column": 34 }, "end": { "line": 183, "column": null } },
      "31": { "start": { "line": 179, "column": 19 }, "end": { "line": 181, "column": null } },
      "32": { "start": { "line": 182, "column": 2 }, "end": { "line": 182, "column": null } },
      "33": { "start": { "line": 188, "column": 41 }, "end": { "line": 191, "column": null } },
      "34": { "start": { "line": 189, "column": 19 }, "end": { "line": 189, "column": null } },
      "35": { "start": { "line": 190, "column": 2 }, "end": { "line": 190, "column": null } },
      "36": { "start": { "line": 202, "column": 37 }, "end": { "line": 233, "column": null } },
      "37": { "start": { "line": 204, "column": 19 }, "end": { "line": 204, "column": null } },
      "38": { "start": { "line": 205, "column": 14 }, "end": { "line": 205, "column": null } },
      "39": { "start": { "line": 208, "column": 17 }, "end": { "line": 208, "column": null } },
      "40": { "start": { "line": 209, "column": 2 }, "end": { "line": 215, "column": null } },
      "41": { "start": { "line": 210, "column": 16 }, "end": { "line": 210, "column": null } },
      "42": { "start": { "line": 211, "column": 4 }, "end": { "line": 211, "column": null } },
      "43": { "start": { "line": 211, "column": 14 }, "end": { "line": 211, "column": null } },
      "44": { "start": { "line": 212, "column": 18 }, "end": { "line": 212, "column": null } },
      "45": { "start": { "line": 213, "column": 4 }, "end": { "line": 213, "column": null } },
      "46": { "start": { "line": 214, "column": 4 }, "end": { "line": 214, "column": null } },
      "47": { "start": { "line": 218, "column": 39 }, "end": { "line": 218, "column": null } },
      "48": { "start": { "line": 219, "column": 2 }, "end": { "line": 228, "column": null } },
      "49": { "start": { "line": 220, "column": 4 }, "end": { "line": 227, "column": null } },
      "50": { "start": { "line": 221, "column": 6 }, "end": { "line": 226, "column": null } },
      "51": { "start": { "line": 223, "column": 83 }, "end": { "line": 225, "column": 10 } },
      "52": { "start": { "line": 231, "column": 2 }, "end": { "line": 231, "column": null } },
      "53": { "start": { "line": 231, "column": 28 }, "end": { "line": 231, "column": 63 } },
      "54": { "start": { "line": 232, "column": 2 }, "end": { "line": 232, "column": null } },
      "55": { "start": { "line": 238, "column": 35 }, "end": { "line": 242, "column": null } },
      "56": { "start": { "line": 239, "column": 2 }, "end": { "line": 239, "column": null } },
      "57": { "start": { "line": 239, "column": 39 }, "end": { "line": 239, "column": null } },
      "58": { "start": { "line": 240, "column": 19 }, "end": { "line": 240, "column": null } },
      "59": { "start": { "line": 241, "column": 2 }, "end": { "line": 241, "column": null } },
      "60": { "start": { "line": 248, "column": 42 }, "end": { "line": 278, "column": null } },
      "61": { "start": { "line": 249, "column": 23 }, "end": { "line": 249, "column": null } },
      "62": { "start": { "line": 252, "column": 42 }, "end": { "line": 252, "column": null } },
      "63": { "start": { "line": 254, "column": 2 }, "end": { "line": 266, "column": null } },
      "64": { "start": { "line": 255, "column": 18 }, "end": { "line": 255, "column": null } },
      "65": { "start": { "line": 256, "column": 43 }, "end": { "line": 256, "column": null } },
      "66": { "start": { "line": 258, "column": 4 }, "end": { "line": 263, "column": null } },
      "67": { "start": { "line": 258, "column": 17 }, "end": { "line": 258, "column": 20 } },
      "68": { "start": { "line": 259, "column": 6 }, "end": { "line": 261, "column": null } },
      "69": { "start": { "line": 260, "column": 8 }, "end": { "line": 260, "column": null } },
      "70": { "start": { "line": 262, "column": 6 }, "end": { "line": 262, "column": null } },
      "71": { "start": { "line": 265, "column": 4 }, "end": { "line": 265, "column": null } },
      "72": { "start": { "line": 269, "column": 15 }, "end": { "line": 269, "column": null } },
      "73": { "start": { "line": 270, "column": 14 }, "end": { "line": 270, "column": null } },
      "74": { "start": { "line": 271, "column": 15 }, "end": { "line": 271, "column": null } },
      "75": { "start": { "line": 272, "column": 2 }, "end": { "line": 272, "column": null } },
      "76": { "start": { "line": 273, "column": 2 }, "end": { "line": 273, "column": null } },
      "77": { "start": { "line": 274, "column": 2 }, "end": { "line": 274, "column": null } },
      "78": { "start": { "line": 275, "column": 2 }, "end": { "line": 275, "column": null } },
      "79": { "start": { "line": 276, "column": 2 }, "end": { "line": 276, "column": null } },
      "80": { "start": { "line": 277, "column": 2 }, "end": { "line": 277, "column": null } },
      "81": { "start": { "line": 283, "column": 45 }, "end": { "line": 299, "column": null } },
      "82": { "start": { "line": 284, "column": 20 }, "end": { "line": 284, "column": null } },
      "83": { "start": { "line": 285, "column": 31 }, "end": { "line": 285, "column": null } },
      "84": { "start": { "line": 287, "column": 2 }, "end": { "line": 296, "column": null } },
      "85": { "start": { "line": 288, "column": 4 }, "end": { "line": 295, "column": null } },
      "86": { "start": { "line": 289, "column": 6 }, "end": { "line": 289, "column": null } },
      "87": { "start": { "line": 290, "column": 6 }, "end": { "line": 290, "column": null } },
      "88": { "start": { "line": 292, "column": 6 }, "end": { "line": 292, "column": null } },
      "89": { "start": { "line": 292, "column": 35 }, "end": { "line": 292, "column": 59 } },
      "90": { "start": { "line": 298, "column": 2 }, "end": { "line": 298, "column": null } }
    },
    "fnMap": {
      "0": {
        "name": "(anonymous_0)",
        "decl": { "start": { "line": 82, "column": 31 }, "end": { "line": 82, "column": 38 } },
        "loc": { "start": { "line": 90, "column": 40 }, "end": { "line": 130, "column": null } },
        "line": 90
      },
      "1": {
        "name": "(anonymous_1)",
        "decl": { "start": { "line": 94, "column": 20 }, "end": { "line": 94, "column": 21 } },
        "loc": { "start": { "line": 94, "column": 63 }, "end": { "line": 127, "column": null } },
        "line": 94
      },
      "2": {
        "name": "(anonymous_2)",
        "decl": { "start": { "line": 135, "column": 34 }, "end": { "line": 135, "column": 41 } },
        "loc": { "start": { "line": 135, "column": 78 }, "end": { "line": 138, "column": null } },
        "line": 135
      },
      "3": {
        "name": "(anonymous_3)",
        "decl": { "start": { "line": 143, "column": 33 }, "end": { "line": 143, "column": null } },
        "loc": { "start": { "line": 146, "column": 27 }, "end": { "line": 149, "column": null } },
        "line": 146
      },
      "4": {
        "name": "(anonymous_4)",
        "decl": { "start": { "line": 154, "column": 39 }, "end": { "line": 154, "column": 46 } },
        "loc": { "start": { "line": 154, "column": 83 }, "end": { "line": 157, "column": null } },
        "line": 154
      },
      "5": {
        "name": "(anonymous_5)",
        "decl": { "start": { "line": 162, "column": 40 }, "end": { "line": 162, "column": 84 } },
        "loc": { "start": { "line": 162, "column": 84 }, "end": { "line": 165, "column": null } },
        "line": 162
      },
      "6": {
        "name": "(anonymous_6)",
        "decl": { "start": { "line": 170, "column": 37 }, "end": { "line": 170, "column": 79 } },
        "loc": { "start": { "line": 170, "column": 79 }, "end": { "line": 173, "column": null } },
        "line": 170
      },
      "7": {
        "name": "(anonymous_7)",
        "decl": { "start": { "line": 178, "column": 34 }, "end": { "line": 178, "column": 41 } },
        "loc": { "start": { "line": 178, "column": 87 }, "end": { "line": 183, "column": null } },
        "line": 178
      },
      "8": {
        "name": "(anonymous_8)",
        "decl": { "start": { "line": 188, "column": 41 }, "end": { "line": 188, "column": 82 } },
        "loc": { "start": { "line": 188, "column": 82 }, "end": { "line": 191, "column": null } },
        "line": 188
      },
      "9": {
        "name": "(anonymous_9)",
        "decl": { "start": { "line": 202, "column": 37 }, "end": { "line": 202, "column": 76 } },
        "loc": { "start": { "line": 202, "column": 76 }, "end": { "line": 233, "column": null } },
        "line": 202
      },
      "10": {
        "name": "(anonymous_10)",
        "decl": { "start": { "line": 223, "column": 29 }, "end": { "line": 223, "column": 30 } },
        "loc": { "start": { "line": 223, "column": 83 }, "end": { "line": 225, "column": 10 } },
        "line": 223
      },
      "11": {
        "name": "(anonymous_11)",
        "decl": { "start": { "line": 231, "column": 18 }, "end": { "line": 231, "column": 19 } },
        "loc": { "start": { "line": 231, "column": 28 }, "end": { "line": 231, "column": 63 } },
        "line": 231
      },
      "12": {
        "name": "(anonymous_12)",
        "decl": { "start": { "line": 238, "column": 35 }, "end": { "line": 238, "column": 42 } },
        "loc": { "start": { "line": 238, "column": 83 }, "end": { "line": 242, "column": null } },
        "line": 238
      },
      "13": {
        "name": "(anonymous_13)",
        "decl": { "start": { "line": 248, "column": 42 }, "end": { "line": 248, "column": 49 } },
        "loc": { "start": { "line": 248, "column": 85 }, "end": { "line": 278, "column": null } },
        "line": 248
      },
      "14": {
        "name": "(anonymous_14)",
        "decl": { "start": { "line": 254, "column": 39 }, "end": { "line": 254, "column": 40 } },
        "loc": { "start": { "line": 254, "column": 57 }, "end": { "line": 266, "column": 3 } },
        "line": 254
      },
      "15": {
        "name": "(anonymous_15)",
        "decl": { "start": { "line": 283, "column": 45 }, "end": { "line": 283, "column": 92 } },
        "loc": { "start": { "line": 283, "column": 92 }, "end": { "line": 299, "column": null } },
        "line": 283
      },
      "16": {
        "name": "(anonymous_16)",
        "decl": { "start": { "line": 292, "column": 24 }, "end": { "line": 292, "column": 35 } },
        "loc": { "start": { "line": 292, "column": 35 }, "end": { "line": 292, "column": 59 } },
        "line": 292
      }
    },
    "branchMap": {
      "0": {
        "loc": { "start": { "line": 96, "column": 4 }, "end": { "line": 104, "column": null } },
        "type": "if",
        "locations": [
          { "start": { "line": 96, "column": 4 }, "end": { "line": 104, "column": null } },
          { "start": {}, "end": {} }
        ],
        "line": 96
      },
      "1": {
        "loc": { "start": { "line": 107, "column": 4 }, "end": { "line": 109, "column": null } },
        "type": "if",
        "locations": [
          { "start": { "line": 107, "column": 4 }, "end": { "line": 109, "column": null } },
          { "start": {}, "end": {} }
        ],
        "line": 107
      },
      "2": {
        "loc": { "start": { "line": 107, "column": 8 }, "end": { "line": 107, "column": 57 } },
        "type": "binary-expr",
        "locations": [
          { "start": { "line": 107, "column": 8 }, "end": { "line": 107, "column": 15 } },
          { "start": { "line": 107, "column": 15 }, "end": { "line": 107, "column": 42 } },
          { "start": { "line": 107, "column": 42 }, "end": { "line": 107, "column": 57 } }
        ],
        "line": 107
      },
      "3": {
        "loc": { "start": { "line": 113, "column": 36 }, "end": { "line": 113, "column": null } },
        "type": "binary-expr",
        "locations": [
          { "start": { "line": 113, "column": 36 }, "end": { "line": 113, "column": 55 } },
          { "start": { "line": 113, "column": 55 }, "end": { "line": 113, "column": 72 } },
          { "start": { "line": 113, "column": 72 }, "end": { "line": 113, "column": null } }
        ],
        "line": 113
      },
      "4": {
        "loc": { "start": { "line": 114, "column": 32 }, "end": { "line": 114, "column": null } },
        "type": "binary-expr",
        "locations": [
          { "start": { "line": 114, "column": 32 }, "end": { "line": 114, "column": 54 } },
          { "start": { "line": 114, "column": 54 }, "end": { "line": 114, "column": 71 } },
          { "start": { "line": 114, "column": 71 }, "end": { "line": 114, "column": null } }
        ],
        "line": 114
      },
      "5": {
        "loc": { "start": { "line": 115, "column": 30 }, "end": { "line": 115, "column": null } },
        "type": "binary-expr",
        "locations": [
          { "start": { "line": 115, "column": 30 }, "end": { "line": 115, "column": 50 } },
          { "start": { "line": 115, "column": 50 }, "end": { "line": 115, "column": 66 } },
          { "start": { "line": 115, "column": 66 }, "end": { "line": 115, "column": null } }
        ],
        "line": 115
      },
      "6": {
        "loc": { "start": { "line": 116, "column": 33 }, "end": { "line": 116, "column": null } },
        "type": "binary-expr",
        "locations": [
          { "start": { "line": 116, "column": 33 }, "end": { "line": 116, "column": 56 } },
          { "start": { "line": 116, "column": 56 }, "end": { "line": 116, "column": 72 } },
          { "start": { "line": 116, "column": 72 }, "end": { "line": 116, "column": null } }
        ],
        "line": 116
      },
      "7": {
        "loc": { "start": { "line": 118, "column": 7 }, "end": { "line": 118, "column": null } },
        "type": "binary-expr",
        "locations": [
          { "start": { "line": 118, "column": 7 }, "end": { "line": 118, "column": 30 } },
          { "start": { "line": 118, "column": 30 }, "end": { "line": 118, "column": null } }
        ],
        "line": 118
      },
      "8": {
        "loc": { "start": { "line": 118, "column": 30 }, "end": { "line": 118, "column": null } },
        "type": "cond-expr",
        "locations": [
          { "start": { "line": 118, "column": 41 }, "end": { "line": 118, "column": 89 } },
          { "start": { "line": 118, "column": 89 }, "end": { "line": 118, "column": null } }
        ],
        "line": 118
      },
      "9": {
        "loc": { "start": { "line": 211, "column": 4 }, "end": { "line": 211, "column": null } },
        "type": "if",
        "locations": [
          { "start": { "line": 211, "column": 4 }, "end": { "line": 211, "column": null } },
          { "start": {}, "end": {} }
        ],
        "line": 211
      },
      "10": {
        "loc": { "start": { "line": 212, "column": 18 }, "end": { "line": 212, "column": null } },
        "type": "binary-expr",
        "locations": [
          { "start": { "line": 212, "column": 18 }, "end": { "line": 212, "column": 37 } },
          { "start": { "line": 212, "column": 37 }, "end": { "line": 212, "column": null } }
        ],
        "line": 212
      },
      "11": {
        "loc": { "start": { "line": 220, "column": 4 }, "end": { "line": 227, "column": null } },
        "type": "if",
        "locations": [
          { "start": { "line": 220, "column": 4 }, "end": { "line": 227, "column": null } },
          { "start": {}, "end": {} }
        ],
        "line": 220
      },
      "12": {
        "loc": { "start": { "line": 239, "column": 2 }, "end": { "line": 239, "column": null } },
        "type": "if",
        "locations": [
          { "start": { "line": 239, "column": 2 }, "end": { "line": 239, "column": null } },
          { "start": {}, "end": {} }
        ],
        "line": 239
      },
      "13": {
        "loc": { "start": { "line": 239, "column": 6 }, "end": { "line": 239, "column": 39 } },
        "type": "binary-expr",
        "locations": [
          { "start": { "line": 239, "column": 6 }, "end": { "line": 239, "column": 15 } },
          { "start": { "line": 239, "column": 15 }, "end": { "line": 239, "column": 39 } }
        ],
        "line": 239
      },
      "14": {
        "loc": { "start": { "line": 259, "column": 6 }, "end": { "line": 261, "column": null } },
        "type": "if",
        "locations": [
          { "start": { "line": 259, "column": 6 }, "end": { "line": 261, "column": null } },
          { "start": {}, "end": {} }
        ],
        "line": 259
      }
    },
    "s": {
      "0": 1,
      "1": 9,
      "2": 9,
      "3": 10,
      "4": 1,
      "5": 9,
      "6": 1,
      "7": 8,
      "8": 8,
      "9": 10,
      "10": 10,
      "11": 10,
      "12": 10,
      "13": 10,
      "14": 9,
      "15": 1,
      "16": 1,
      "17": 1,
      "18": 1,
      "19": 1,
      "20": 1,
      "21": 1,
      "22": 1,
      "23": 1,
      "24": 1,
      "25": 1,
      "26": 1,
      "27": 1,
      "28": 1,
      "29": 1,
      "30": 1,
      "31": 2,
      "32": 2,
      "33": 1,
      "34": 1,
      "35": 1,
      "36": 1,
      "37": 3,
      "38": 3,
      "39": 3,
      "40": 3,
      "41": 11,
      "42": 11,
      "43": 0,
      "44": 11,
      "45": 11,
      "46": 11,
      "47": 3,
      "48": 3,
      "49": 6,
      "50": 3,
      "51": 8,
      "52": 3,
      "53": 1,
      "54": 3,
      "55": 1,
      "56": 4,
      "57": 2,
      "58": 2,
      "59": 2,
      "60": 1,
      "61": 1,
      "62": 1,
      "63": 1,
      "64": 4,
      "65": 4,
      "66": 4,
      "67": 4,
      "68": 3,
      "69": 2,
      "70": 3,
      "71": 4,
      "72": 1,
      "73": 1,
      "74": 1,
      "75": 1,
      "76": 1,
      "77": 1,
      "78": 1,
      "79": 1,
      "80": 1,
      "81": 1,
      "82": 0,
      "83": 0,
      "84": 0,
      "85": 0,
      "86": 0,
      "87": 0,
      "88": 0,
      "89": 0,
      "90": 0
    },
    "f": {
      "0": 9,
      "1": 10,
      "2": 1,
      "3": 1,
      "4": 1,
      "5": 1,
      "6": 1,
      "7": 2,
      "8": 1,
      "9": 3,
      "10": 8,
      "11": 1,
      "12": 4,
      "13": 1,
      "14": 4,
      "15": 0,
      "16": 0
    },
    "b": {
      "0": [1, 9],
      "1": [1, 8],
      "2": [9, 9, 9],
      "3": [8, 1, 0],
      "4": [10, 1, 0],
      "5": [10, 1, 0],
      "6": [10, 1, 0],
      "7": [10, 1],
      "8": [1, 0],
      "9": [0, 11],
      "10": [11, 6],
      "11": [3, 3],
      "12": [2, 2],
      "13": [4, 3],
      "14": [2, 1]
    },
    "meta": {
      "lastBranch": 15,
      "lastFunction": 17,
      "lastStatement": 91,
      "seen": {
        "s:82:31:130:Infinity": 0,
        "f:82:31:82:38": 0,
        "s:91:19:91:Infinity": 1,
        "s:94:20:127:Infinity": 2,
        "f:94:20:94:21": 1,
        "b:96:4:104:Infinity:undefined:undefined:undefined:undefined": 0,
        "s:96:4:104:Infinity": 3,
        "s:97:6:103:Infinity": 4,
        "b:107:4:109:Infinity:undefined:undefined:undefined:undefined": 1,
        "s:107:4:109:Infinity": 5,
        "b:107:8:107:15:107:15:107:42:107:42:107:57": 2,
        "s:108:6:108:Infinity": 6,
        "s:112:19:112:Infinity": 7,
        "s:113:36:113:Infinity": 8,
        "b:113:36:113:55:113:55:113:72:113:72:113:Infinity": 3,
        "s:114:32:114:Infinity": 9,
        "b:114:32:114:54:114:54:114:71:114:71:114:Infinity": 4,
        "s:115:30:115:Infinity": 10,
        "b:115:30:115:50:115:50:115:66:115:66:115:Infinity": 5,
        "s:116:33:116:Infinity": 11,
        "b:116:33:116:56:116:56:116:72:116:72:116:Infinity": 6,
        "s:118:7:118:Infinity": 12,
        "b:118:7:118:30:118:30:118:Infinity": 7,
        "b:118:41:118:89:118:89:118:Infinity": 8,
        "s:120:4:126:Infinity": 13,
        "s:129:2:129:Infinity": 14,
        "s:135:34:138:Infinity": 15,
        "f:135:34:135:41": 2,
        "s:136:19:136:Infinity": 16,
        "s:137:2:137:Infinity": 17,
        "s:143:33:149:Infinity": 18,
        "f:143:33:143:Infinity": 3,
        "s:147:19:147:Infinity": 19,
        "s:148:2:148:Infinity": 20,
        "s:154:39:157:Infinity": 21,
        "f:154:39:154:46": 4,
        "s:155:19:155:Infinity": 22,
        "s:156:2:156:Infinity": 23,
        "s:162:40:165:Infinity": 24,
        "f:162:40:162:84": 5,
        "s:163:19:163:Infinity": 25,
        "s:164:2:164:Infinity": 26,
        "s:170:37:173:Infinity": 27,
        "f:170:37:170:79": 6,
        "s:171:19:171:Infinity": 28,
        "s:172:2:172:Infinity": 29,
        "s:178:34:183:Infinity": 30,
        "f:178:34:178:41": 7,
        "s:179:19:181:Infinity": 31,
        "s:182:2:182:Infinity": 32,
        "s:188:41:191:Infinity": 33,
        "f:188:41:188:82": 8,
        "s:189:19:189:Infinity": 34,
        "s:190:2:190:Infinity": 35,
        "s:202:37:233:Infinity": 36,
        "f:202:37:202:76": 9,
        "s:204:19:204:Infinity": 37,
        "s:205:14:205:Infinity": 38,
        "s:208:17:208:Infinity": 39,
        "s:209:2:215:Infinity": 40,
        "s:210:16:210:Infinity": 41,
        "b:211:4:211:Infinity:undefined:undefined:undefined:undefined": 9,
        "s:211:4:211:Infinity": 42,
        "s:211:14:211:Infinity": 43,
        "s:212:18:212:Infinity": 44,
        "b:212:18:212:37:212:37:212:Infinity": 10,
        "s:213:4:213:Infinity": 45,
        "s:214:4:214:Infinity": 46,
        "s:218:39:218:Infinity": 47,
        "s:219:2:228:Infinity": 48,
        "b:220:4:227:Infinity:undefined:undefined:undefined:undefined": 11,
        "s:220:4:227:Infinity": 49,
        "s:221:6:226:Infinity": 50,
        "f:223:29:223:30": 10,
        "s:223:83:225:10": 51,
        "s:231:2:231:Infinity": 52,
        "f:231:18:231:19": 11,
        "s:231:28:231:63": 53,
        "s:232:2:232:Infinity": 54,
        "s:238:35:242:Infinity": 55,
        "f:238:35:238:42": 12,
        "b:239:2:239:Infinity:undefined:undefined:undefined:undefined": 12,
        "s:239:2:239:Infinity": 56,
        "b:239:6:239:15:239:15:239:39": 13,
        "s:239:39:239:Infinity": 57,
        "s:240:19:240:Infinity": 58,
        "s:241:2:241:Infinity": 59,
        "s:248:42:278:Infinity": 60,
        "f:248:42:248:49": 13,
        "s:249:23:249:Infinity": 61,
        "s:252:42:252:Infinity": 62,
        "s:254:2:266:Infinity": 63,
        "f:254:39:254:40": 14,
        "s:255:18:255:Infinity": 64,
        "s:256:43:256:Infinity": 65,
        "s:258:4:263:Infinity": 66,
        "s:258:17:258:20": 67,
        "b:259:6:261:Infinity:undefined:undefined:undefined:undefined": 14,
        "s:259:6:261:Infinity": 68,
        "s:260:8:260:Infinity": 69,
        "s:262:6:262:Infinity": 70,
        "s:265:4:265:Infinity": 71,
        "s:269:15:269:Infinity": 72,
        "s:270:14:270:Infinity": 73,
        "s:271:15:271:Infinity": 74,
        "s:272:2:272:Infinity": 75,
        "s:273:2:273:Infinity": 76,
        "s:274:2:274:Infinity": 77,
        "s:275:2:275:Infinity": 78,
        "s:276:2:276:Infinity": 79,
        "s:277:2:277:Infinity": 80,
        "s:283:45:299:Infinity": 81,
        "f:283:45:283:92": 15,
        "s:284:20:284:Infinity": 82,
        "s:285:31:285:Infinity": 83,
        "s:287:2:296:Infinity": 84,
        "s:288:4:295:Infinity": 85,
        "s:289:6:289:Infinity": 86,
        "s:290:6:290:Infinity": 87,
        "s:292:6:292:Infinity": 88,
        "f:292:24:292:35": 16,
        "s:292:35:292:59": 89,
        "s:298:2:298:Infinity": 90
      }
    }
  },
  "/home/adm1n/startup/hemis-front/src/api/universities.api.ts": {
    "path": "/home/adm1n/startup/hemis-front/src/api/universities.api.ts",
    "statementMap": {
      "0": { "start": { "line": 144, "column": 2 }, "end": { "line": 185, "column": null } },
      "1": { "start": { "line": 188, "column": 31 }, "end": { "line": 308, "column": null } },
      "2": { "start": { "line": 190, "column": 21 }, "end": { "line": 193, "column": null } },
      "3": { "start": { "line": 194, "column": 17 }, "end": { "line": 194, "column": null } },
      "4": { "start": { "line": 196, "column": 4 }, "end": { "line": 199, "column": null } },
      "5": { "start": { "line": 203, "column": 21 }, "end": { "line": 205, "column": null } },
      "6": { "start": { "line": 206, "column": 16 }, "end": { "line": 206, "column": null } },
      "7": { "start": { "line": 207, "column": 4 }, "end": { "line": 210, "column": null } },
      "8": { "start": { "line": 214, "column": 21 }, "end": { "line": 221, "column": null } },
      "9": { "start": { "line": 223, "column": 16 }, "end": { "line": 223, "column": null } },
      "10": { "start": { "line": 224, "column": 17 }, "end": { "line": 224, "column": null } },
      "11": { "start": { "line": 225, "column": 4 }, "end": { "line": 225, "column": null } },
[...]
        "loc": { "start": { "line": 34, "column": 2 }, "end": { "line": 34, "column": null } },
        "line": 34
      },
      "1": {
        "name": "(anonymous_1)",
        "decl": { "start": { "line": 50, "column": 38 }, "end": { "line": 50, "column": null } },
        "loc": { "start": { "line": 53, "column": 13 }, "end": { "line": 90, "column": null } },
        "line": 53
      },
      "2": {
        "name": "(anonymous_2)",
        "decl": { "start": { "line": 92, "column": 30 }, "end": { "line": 92, "column": 31 } },
        "loc": { "start": { "line": 92, "column": 59 }, "end": { "line": 112, "column": null } },
        "line": 92
      },
      "3": {
        "name": "(anonymous_3)",
        "decl": { "start": { "line": 114, "column": 30 }, "end": { "line": 114, "column": 31 } },
        "loc": { "start": { "line": 114, "column": 74 }, "end": { "line": 120, "column": null } },
        "line": 114
      }
    },
    "branchMap": {
      "0": {
        "loc": { "start": { "line": 52, "column": 2 }, "end": { "line": 52, "column": null } },
        "type": "default-arg",
        "locations": [
          { "start": { "line": 52, "column": 13 }, "end": { "line": 52, "column": null } }
        ],
        "line": 52
      },
      "1": {
        "loc": { "start": { "line": 54, "column": 2 }, "end": { "line": 83, "column": null } },
        "type": "if",
        "locations": [
          { "start": { "line": 54, "column": 2 }, "end": { "line": 83, "column": null } },
          { "start": {}, "end": {} }
        ],
        "line": 54
      },
      "2": {
        "loc": { "start": { "line": 58, "column": 4 }, "end": { "line": 60, "column": null } },
        "type": "if",
        "locations": [
          { "start": { "line": 58, "column": 4 }, "end": { "line": 60, "column": null } },
          { "start": {}, "end": {} }
        ],
        "line": 58
      },
      "3": {
        "loc": { "start": { "line": 63, "column": 4 }, "end": { "line": 65, "column": null } },
        "type": "if",
        "locations": [
          { "start": { "line": 63, "column": 4 }, "end": { "line": 65, "column": null } },
          { "start": {}, "end": {} }
        ],
        "line": 63
      },
      "4": {
        "loc": { "start": { "line": 68, "column": 4 }, "end": { "line": 70, "column": null } },
        "type": "if",
        "locations": [
          { "start": { "line": 68, "column": 4 }, "end": { "line": 70, "column": null } },
          { "start": {}, "end": {} }
        ],
        "line": 68
      },
      "5": {
        "loc": { "start": { "line": 68, "column": 8 }, "end": { "line": 68, "column": 64 } },
        "type": "binary-expr",
        "locations": [
          { "start": { "line": 68, "column": 8 }, "end": { "line": 68, "column": 43 } },
          { "start": { "line": 68, "column": 43 }, "end": { "line": 68, "column": 64 } }
        ],
        "line": 68
      },
      "6": {
        "loc": { "start": { "line": 73, "column": 4 }, "end": { "line": 75, "column": null } },
        "type": "if",
        "locations": [
          { "start": { "line": 73, "column": 4 }, "end": { "line": 75, "column": null } },
          { "start": {}, "end": {} }
        ],
        "line": 73
      },
      "7": {
        "loc": { "start": { "line": 78, "column": 4 }, "end": { "line": 80, "column": null } },
        "type": "if",
        "locations": [
          { "start": { "line": 78, "column": 4 }, "end": { "line": 80, "column": null } },
          { "start": {}, "end": {} }
        ],
        "line": 78
      },
      "8": {
        "loc": { "start": { "line": 85, "column": 2 }, "end": { "line": 87, "column": null } },
        "type": "if",
        "locations": [
          { "start": { "line": 85, "column": 2 }, "end": { "line": 87, "column": null } },
          { "start": {}, "end": {} }
        ],
        "line": 85
      },
      "9": {
        "loc": { "start": { "line": 86, "column": 11 }, "end": { "line": 86, "column": null } },
        "type": "binary-expr",
        "locations": [
          { "start": { "line": 86, "column": 11 }, "end": { "line": 86, "column": 28 } },
          { "start": { "line": 86, "column": 28 }, "end": { "line": 86, "column": null } }
        ],
        "line": 86
      },
      "10": {
        "loc": { "start": { "line": 93, "column": 2 }, "end": { "line": 100, "column": null } },
        "type": "if",
        "locations": [
          { "start": { "line": 93, "column": 2 }, "end": { "line": 100, "column": null } },
          { "start": {}, "end": {} }
        ],
        "line": 93
      },
      "11": {
        "loc": { "start": { "line": 95, "column": 6 }, "end": { "line": 98, "column": null } },
        "type": "binary-expr",
        "locations": [
          { "start": { "line": 95, "column": 6 }, "end": { "line": 95, "column": null } },
          { "start": { "line": 96, "column": 6 }, "end": { "line": 96, "column": null } },
          { "start": { "line": 97, "column": 6 }, "end": { "line": 97, "column": null } },
          { "start": { "line": 98, "column": 6 }, "end": { "line": 98, "column": null } }
        ],
        "line": 95
      },
      "12": {
        "loc": { "start": { "line": 102, "column": 2 }, "end": { "line": 109, "column": null } },
        "type": "if",
        "locations": [
          { "start": { "line": 102, "column": 2 }, "end": { "line": 109, "column": null } },
          { "start": {}, "end": {} }
        ],
        "line": 102
      },
      "13": {
        "loc": { "start": { "line": 103, "column": 4 }, "end": { "line": 106, "column": null } },
        "type": "binary-expr",
        "locations": [
          { "start": { "line": 103, "column": 4 }, "end": { "line": 103, "column": null } },
          { "start": { "line": 104, "column": 4 }, "end": { "line": 104, "column": null } },
          { "start": { "line": 105, "column": 4 }, "end": { "line": 105, "column": null } },
          { "start": { "line": 106, "column": 5 }, "end": { "line": 106, "column": null } }
        ],
        "line": 103
      },
      "14": {
        "loc": { "start": { "line": 114, "column": 47 }, "end": { "line": 114, "column": 74 } },
        "type": "default-arg",
        "locations": [
          { "start": { "line": 114, "column": 58 }, "end": { "line": 114, "column": 74 } }
        ],
        "line": 114
      },
      "15": {
        "loc": { "start": { "line": 115, "column": 2 }, "end": { "line": 117, "column": null } },
        "type": "if",
        "locations": [
          { "start": { "line": 115, "column": 2 }, "end": { "line": 117, "column": null } },
          { "start": {}, "end": {} }
        ],
        "line": 115
      },
      "16": {
        "loc": { "start": { "line": 116, "column": 11 }, "end": { "line": 116, "column": null } },
        "type": "binary-expr",
        "locations": [
          { "start": { "line": 116, "column": 11 }, "end": { "line": 116, "column": 37 } },
          { "start": { "line": 116, "column": 37 }, "end": { "line": 116, "column": null } }
        ],
        "line": 116
      }
    },
    "s": {
      "0": 2,
      "1": 29,
      "2": 2,
      "3": 14,
      "4": 8,
      "5": 8,
      "6": 2,
      "7": 6,
      "8": 2,
      "9": 4,
      "10": 1,
      "11": 3,
      "12": 1,
      "13": 2,
      "14": 2,
      "15": 0,
      "16": 6,
      "17": 3,
      "18": 3,
      "19": 2,
      "20": 9,
      "21": 5,
      "22": 4,
      "23": 1,
      "24": 3,
      "25": 2,
      "26": 6,
      "27": 4,
      "28": 2
    },
    "f": { "0": 29, "1": 14, "2": 9, "3": 6 },
    "b": {
      "0": [14],
      "1": [8, 6],
      "2": [2, 6],
      "3": [2, 4],
      "4": [1, 3],
      "5": [4, 1],
      "6": [1, 2],
      "7": [2, 0],
      "8": [3, 3],
      "9": [3, 1],
      "10": [5, 4],
      "11": [5, 4, 3, 2],
      "12": [1, 3],
      "13": [4, 2, 1, 1],
      "14": [6],
      "15": [4, 2],
      "16": [4, 2]
    },
    "meta": {
      "lastBranch": 17,
      "lastFunction": 4,
      "lastStatement": 29,
      "seen": {
        "s:33:24:34:Infinity": 0,
        "f:33:24:33:25": 0,
        "s:34:2:34:Infinity": 1,
        "s:50:38:90:Infinity": 2,
        "f:50:38:50:Infinity": 1,
        "b:52:13:52:Infinity": 0,
        "b:54:2:83:Infinity:undefined:undefined:undefined:undefined": 1,
        "s:54:2:83:Infinity": 3,
        "s:55:17:55:Infinity": 4,
        "b:58:4:60:Infinity:undefined:undefined:undefined:undefined": 2,
        "s:58:4:60:Infinity": 5,
        "s:59:6:59:Infinity": 6,
        "b:63:4:65:Infinity:undefined:undefined:undefined:undefined": 3,
        "s:63:4:65:Infinity": 7,
        "s:64:6:64:Infinity": 8,
        "b:68:4:70:Infinity:undefined:undefined:undefined:undefined": 4,
        "s:68:4:70:Infinity": 9,
        "b:68:8:68:43:68:43:68:64": 5,
        "s:69:6:69:Infinity": 10,
        "b:73:4:75:Infinity:undefined:undefined:undefined:undefined": 6,
        "s:73:4:75:Infinity": 11,
        "s:74:6:74:Infinity": 12,
        "b:78:4:80:Infinity:undefined:undefined:undefined:undefined": 7,
        "s:78:4:80:Infinity": 13,
        "s:79:6:79:Infinity": 14,
        "s:82:4:82:Infinity": 15,
        "b:85:2:87:Infinity:undefined:undefined:undefined:undefined": 8,
        "s:85:2:87:Infinity": 16,
        "s:86:4:86:Infinity": 17,
        "b:86:11:86:28:86:28:86:Infinity": 9,
        "s:89:2:89:Infinity": 18,
        "s:92:30:112:Infinity": 19,
        "f:92:30:92:31": 2,
        "b:93:2:100:Infinity:undefined:undefined:undefined:undefined": 10,
        "s:93:2:100:Infinity": 20,
        "s:94:4:98:Infinity": 21,
        "b:95:6:95:Infinity:96:6:96:Infinity:97:6:97:Infinity:98:6:98:Infinity": 11,
        "b:102:2:109:Infinity:undefined:undefined:undefined:undefined": 12,
        "s:102:2:109:Infinity": 22,
        "b:103:4:103:Infinity:104:4:104:Infinity:105:4:105:Infinity:106:5:106:Infinity": 13,
        "s:108:4:108:Infinity": 23,
        "s:111:2:111:Infinity": 24,
        "s:114:30:120:Infinity": 25,
        "f:114:30:114:31": 3,
        "b:114:58:114:74": 14,
        "b:115:2:117:Infinity:undefined:undefined:undefined:undefined": 15,
        "s:115:2:117:Infinity": 26,
        "s:116:4:116:Infinity": 27,
        "b:116:11:116:37:116:37:116:Infinity": 16,
        "s:119:2:119:Infinity": 28
      }
    }
  },
  "/home/adm1n/startup/hemis-front/src/utils/iconMapper.ts": {
    "path": "/home/adm1n/startup/hemis-front/src/utils/iconMapper.ts",
    "statementMap": {
      "0": { "start": { "line": 59, "column": 44 }, "end": { "line": 194, "column": null } },
      "1": { "start": { "line": 202, "column": 23 }, "end": { "line": 222, "column": null } },
      "2": { "start": { "line": 203, "column": 2 }, "end": { "line": 205, "column": null } },
      "3": { "start": { "line": 204, "column": 4 }, "end": { "line": 204, "column": null } },
      "4": { "start": { "line": 208, "column": 15 }, "end": { "line": 208, "column": null } },
      "5": { "start": { "line": 209, "column": 2 }, "end": { "line": 211, "column": null } },
      "6": { "start": { "line": 210, "column": 4 }, "end": { "line": 210, "column": null } },
      "7": { "start": { "line": 214, "column": 26 }, "end": { "line": 214, "column": null } },
      "8": { "start": { "line": 215, "column": 26 }, "end": { "line": 215, "column": null } },
      "9": { "start": { "line": 216, "column": 2 }, "end": { "line": 218, "column": null } },
      "10": { "start": { "line": 217, "column": 4 }, "end": { "line": 217, "column": null } },
      "11": { "start": { "line": 221, "column": 2 }, "end": { "line": 221, "column": null } }
    },
    "fnMap": {
      "0": {
        "name": "(anonymous_0)",
        "decl": { "start": { "line": 202, "column": 23 }, "end": { "line": 202, "column": 24 } },
        "loc": { "start": { "line": 202, "column": 58 }, "end": { "line": 222, "column": null } },
        "line": 202
      }
    },
    "branchMap": {
      "0": {
        "loc": { "start": { "line": 203, "column": 2 }, "end": { "line": 205, "column": null } },
        "type": "if",
        "locations": [
          { "start": { "line": 203, "column": 2 }, "end": { "line": 205, "column": null } },
          { "start": {}, "end": {} }
        ],
        "line": 203
      },
      "1": {
        "loc": { "start": { "line": 209, "column": 2 }, "end": { "line": 211, "column": null } },
        "type": "if",
        "locations": [
          { "start": { "line": 209, "column": 2 }, "end": { "line": 211, "column": null } },
          { "start": {}, "end": {} }
        ],
        "line": 209
      },
      "2": {
        "loc": { "start": { "line": 216, "column": 2 }, "end": { "line": 218, "column": null } },
        "type": "if",
        "locations": [
          { "start": { "line": 216, "column": 2 }, "end": { "line": 218, "column": null } },
          { "start": {}, "end": {} }
        ],
        "line": 216
      }
    },
    "s": {
      "0": 1,
      "1": 1,
      "2": 25,
      "3": 2,
      "4": 23,
      "5": 23,
      "6": 20,
      "7": 3,
      "8": 3,
      "9": 3,
      "10": 2,
      "11": 1
    },
    "f": { "0": 25 },
    "b": { "0": [2, 23], "1": [20, 3], "2": [2, 1] },
    "meta": {
      "lastBranch": 3,
      "lastFunction": 1,
      "lastStatement": 12,
      "seen": {
        "s:59:44:194:Infinity": 0,
        "s:202:23:222:Infinity": 1,
        "f:202:23:202:24": 0,
        "b:203:2:205:Infinity:undefined:undefined:undefined:undefined": 0,
        "s:203:2:205:Infinity": 2,
        "s:204:4:204:Infinity": 3,
        "s:208:15:208:Infinity": 4,
        "b:209:2:211:Infinity:undefined:undefined:undefined:undefined": 1,
        "s:209:2:211:Infinity": 5,
        "s:210:4:210:Infinity": 6,
        "s:214:26:214:Infinity": 7,
        "s:215:26:215:Infinity": 8,
        "b:216:2:218:Infinity:undefined:undefined:undefined:undefined": 2,
        "s:216:2:218:Infinity": 9,
        "s:217:4:217:Infinity": 10,
        "s:221:2:221:Infinity": 11
      }
    }
  },
  "/home/adm1n/startup/hemis-front/src/utils/menu.util.ts": {
    "path": "/home/adm1n/startup/hemis-front/src/utils/menu.util.ts",
    "statementMap": {
      "0": { "start": { "line": 8, "column": 2 }, "end": { "line": 17, "column": null } },
      "1": { "start": { "line": 10, "column": 6 }, "end": { "line": 10, "column": null } },
      "2": { "start": { "line": 12, "column": 6 }, "end": { "line": 12, "column": null } },
      "3": { "start": { "line": 14, "column": 6 }, "end": { "line": 14, "column": null } },
      "4": { "start": { "line": 16, "column": 6 }, "end": { "line": 16, "column": null } }
    },
    "fnMap": {
      "0": {
        "name": "getMenuLabel",
        "decl": { "start": { "line": 7, "column": 16 }, "end": { "line": 7, "column": 29 } },
        "loc": { "start": { "line": 7, "column": 67 }, "end": { "line": 18, "column": null } },
        "line": 7
      }
    },
    "branchMap": {
      "0": {
        "loc": { "start": { "line": 8, "column": 2 }, "end": { "line": 17, "column": null } },
        "type": "switch",
        "locations": [
          { "start": { "line": 9, "column": 4 }, "end": { "line": 10, "column": null } },
          { "start": { "line": 11, "column": 4 }, "end": { "line": 12, "column": null } },
          { "start": { "line": 13, "column": 4 }, "end": { "line": 14, "column": null } },
          { "start": { "line": 15, "column": 4 }, "end": { "line": 16, "column": null } }
        ],
        "line": 8
      },
      "1": {
        "loc": { "start": { "line": 10, "column": 13 }, "end": { "line": 10, "column": null } },
        "type": "binary-expr",
        "locations": [
          { "start": { "line": 10, "column": 13 }, "end": { "line": 10, "column": 29 } },
          { "start": { "line": 10, "column": 29 }, "end": { "line": 10, "column": null } }
        ],
        "line": 10
      },
      "2": {
        "loc": { "start": { "line": 12, "column": 13 }, "end": { "line": 12, "column": null } },
        "type": "binary-expr",
        "locations": [
          { "start": { "line": 12, "column": 13 }, "end": { "line": 12, "column": 29 } },
          { "start": { "line": 12, "column": 29 }, "end": { "line": 12, "column": null } }
        ],
        "line": 12
      },
      "3": {
        "loc": { "start": { "line": 14, "column": 13 }, "end": { "line": 14, "column": null } },
        "type": "binary-expr",
        "locations": [
          { "start": { "line": 14, "column": 13 }, "end": { "line": 14, "column": 29 } },
          { "start": { "line": 14, "column": 29 }, "end": { "line": 14, "column": null } }
        ],
        "line": 14
      }
    },
    "s": { "0": 8, "1": 2, "2": 2, "3": 2, "4": 2 },
    "f": { "0": 8 },
    "b": { "0": [2, 2, 2, 2], "1": [2, 1], "2": [2, 1], "3": [2, 1] },
    "meta": {
      "lastBranch": 4,
      "lastFunction": 1,
      "lastStatement": 5,
      "seen": {
        "f:7:16:7:29": 0,
        "b:9:4:10:Infinity:11:4:12:Infinity:13:4:14:Infinity:15:4:16:Infinity": 0,
        "s:8:2:17:Infinity": 0,
        "s:10:6:10:Infinity": 1,
        "b:10:13:10:29:10:29:10:Infinity": 1,
        "s:12:6:12:Infinity": 2,
        "b:12:13:12:29:12:29:12:Infinity": 2,
        "s:14:6:14:Infinity": 3,
        "b:14:13:14:29:14:29:14:Infinity": 3,
        "s:16:6:16:Infinity": 4
      }
    }
  },
  "/home/adm1n/startup/hemis-front/src/utils/url.util.ts": {
    "path": "/home/adm1n/startup/hemis-front/src/utils/url.util.ts",
    "statementMap": {
      "0": { "start": { "line": 7, "column": 26 }, "end": { "line": 7, "column": null } },
      "1": { "start": { "line": 13, "column": 2 }, "end": { "line": 13, "column": null } },
      "2": { "start": { "line": 13, "column": 12 }, "end": { "line": 13, "column": null } },
      "3": { "start": { "line": 15, "column": 2 }, "end": { "line": 24, "column": null } },
      "4": { "start": { "line": 16, "column": 19 }, "end": { "line": 16, "column": null } },
      "5": { "start": { "line": 17, "column": 4 }, "end": { "line": 19, "column": null } },
      "6": { "start": { "line": 18, "column": 6 }, "end": { "line": 18, "column": null } },
      "7": { "start": { "line": 20, "column": 4 }, "end": { "line": 20, "column": null } },
      "8": { "start": { "line": 23, "column": 4 }, "end": { "line": 23, "column": null } }
    },
    "fnMap": {
      "0": {
        "name": "sanitizeUrl",
        "decl": { "start": { "line": 12, "column": 16 }, "end": { "line": 12, "column": 28 } },
        "loc": { "start": { "line": 12, "column": 75 }, "end": { "line": 25, "column": null } },
        "line": 12
      }
    },
    "branchMap": {
      "0": {
        "loc": { "start": { "line": 13, "column": 2 }, "end": { "line": 13, "column": null } },
        "type": "if",
        "locations": [
          { "start": { "line": 13, "column": 2 }, "end": { "line": 13, "column": null } },
          { "start": {}, "end": {} }
        ],
        "line": 13
      },
      "1": {
        "loc": { "start": { "line": 17, "column": 4 }, "end": { "line": 19, "column": null } },
        "type": "if",
        "locations": [
          { "start": { "line": 17, "column": 4 }, "end": { "line": 19, "column": null } },
          { "start": {}, "end": {} }
        ],
        "line": 17
      }
    },
    "s": { "0": 1, "1": 12, "2": 3, "3": 9, "4": 9, "5": 9, "6": 4, "7": 3, "8": 2 },
    "f": { "0": 12 },
    "b": { "0": [3, 9], "1": [4, 5] },
    "meta": {
      "lastBranch": 2,
      "lastFunction": 1,
      "lastStatement": 9,
      "seen": {
        "s:7:26:7:Infinity": 0,
        "f:12:16:12:28": 0,
        "b:13:2:13:Infinity:undefined:undefined:undefined:undefined": 0,
        "s:13:2:13:Infinity": 1,
        "s:13:12:13:Infinity": 2,
        "s:15:2:24:Infinity": 3,
        "s:16:19:16:Infinity": 4,
        "b:17:4:19:Infinity:undefined:undefined:undefined:undefined": 1,
        "s:17:4:19:Infinity": 5,
        "s:18:6:18:Infinity": 6,
        "s:20:4:20:Infinity": 7,
        "s:23:4:23:Infinity": 8
      }
    }
  }
}
