{"/home/adm1n/startup/hemis-front/src/lib/utils.ts": {"path":"/home/adm1n/startup/hemis-front/src/lib/utils.ts","statementMap":{"0":{"start":{"line":5,"column":2},"end":{"line":5,"column":null}},"1":{"start":{"line":9,"column":12},"end":{"line":9,"column":null}},"2":{"start":{"line":10,"column":14},"end":{"line":10,"column":null}},"3":{"start":{"line":11,"column":16},"end":{"line":11,"column":null}},"4":{"start":{"line":12,"column":15},"end":{"line":12,"column":null}},"5":{"start":{"line":14,"column":2},"end":{"line":17,"column":null}},"6":{"start":{"line":21,"column":2},"end":{"line":21,"column":null}},"7":{"start":{"line":28,"column":54},"end":{"line":28,"column":null}},"8":{"start":{"line":30,"column":2},"end":{"line":33,"column":null}},"9":{"start":{"line":31,"column":4},"end":{"line":31,"column":null}},"10":{"start":{"line":31,"column":17},"end":{"line":31,"column":null}},"11":{"start":{"line":32,"column":4},"end":{"line":32,"column":null}},"12":{"start":{"line":32,"column":31},"end":{"line":32,"column":46}}},"fnMap":{"0":{"name":"cn","decl":{"start":{"line":4,"column":16},"end":{"line":4,"column":22}},"loc":{"start":{"line":4,"column":44},"end":{"line":6,"column":null}},"line":4},"1":{"name":"formatDate","decl":{"start":{"line":8,"column":16},"end":{"line":8,"column":27}},"loc":{"start":{"line":8,"column":87},"end":{"line":18,"column":null}},"line":8},"2":{"name":"formatNumber","decl":{"start":{"line":20,"column":16},"end":{"line":20,"column":29}},"loc":{"start":{"line":20,"column":76},"end":{"line":22,"column":null}},"line":20},"3":{"name":"debounce","decl":{"start":{"line":24,"column":16},"end":{"line":24,"column":null}},"loc":{"start":{"line":27,"column":28},"end":{"line":34,"column":null}},"line":27},"4":{"name":"(anonymous_4)","decl":{"start":{"line":30,"column":9},"end":{"line":30,"column":13}},"loc":{"start":{"line":30,"column":29},"end":{"line":33,"column":null}},"line":30},"5":{"name":"(anonymous_5)","decl":{"start":{"line":32,"column":25},"end":{"line":32,"column":31}},"loc":{"start":{"line":32,"column":31},"end":{"line":32,"column":46}},"line":32}},"branchMap":{"0":{"loc":{"start":{"line":8,"column":48},"end":{"line":8,"column":87}},"type":"default-arg","locations":[{"start":{"line":8,"column":65},"end":{"line":8,"column":87}}],"line":8},"1":{"loc":{"start":{"line":9,"column":12},"end":{"line":9,"column":null}},"type":"cond-expr","locations":[{"start":{"line":9,"column":39},"end":{"line":9,"column":56}},{"start":{"line":9,"column":56},"end":{"line":9,"column":null}}],"line":9},"2":{"loc":{"start":{"line":20,"column":42},"end":{"line":20,"column":76}},"type":"default-arg","locations":[{"start":{"line":20,"column":59},"end":{"line":20,"column":76}}],"line":20},"3":{"loc":{"start":{"line":31,"column":4},"end":{"line":31,"column":null}},"type":"if","locations":[{"start":{"line":31,"column":4},"end":{"line":31,"column":null}},{"start":{},"end":{}}],"line":31}},"s":{"0":4,"1":2,"2":2,"3":2,"4":2,"5":2,"6":2,"7":1,"8":1,"9":3,"10":2,"11":3,"12":1},"f":{"0":4,"1":2,"2":2,"3":1,"4":3,"5":1},"b":{"0":[2],"1":[1,1],"2":[2],"3":[2,1]},"meta":{"lastBranch":4,"lastFunction":6,"lastStatement":13,"seen":{"f:4:16:4:22":0,"s:5:2:5:Infinity":0,"f:8:16:8:27":1,"b:8:65:8:87":0,"s:9:12:9:Infinity":1,"b:9:39:9:56:9:56:9:Infinity":1,"s:10:14:10:Infinity":2,"s:11:16:11:Infinity":3,"s:12:15:12:Infinity":4,"s:14:2:17:Infinity":5,"f:20:16:20:29":2,"b:20:59:20:76":2,"s:21:2:21:Infinity":6,"f:24:16:24:Infinity":3,"s:28:54:28:Infinity":7,"s:30:2:33:Infinity":8,"f:30:9:30:13":4,"b:31:4:31:Infinity:undefined:undefined:undefined:undefined":3,"s:31:4:31:Infinity":9,"s:31:17:31:Infinity":10,"s:32:4:32:Infinity":11,"f:32:25:32:31":5,"s:32:31:32:46":12}}}
}
